<?xml version="1.0" encoding="UTF-8"?>
<coverage generated="1781201999280" clover="3.2.0">
  <project timestamp="1781201999281" name="All files">
    <metrics statements="163" coveredstatements="131" conditionals="83" coveredconditionals="62" methods="31" coveredmethods="30" elements="277" coveredelements="223" complexity="0" loc="163" ncloc="163" packages="5" files="8" classes="8"/>
    <package name="src">
      <metrics statements="1" coveredstatements="1" conditionals="0" coveredconditionals="0" methods="0" coveredmethods="0"/>
      <file name="i18n.ts" path="F:\webdev\DictThreeJs\src\i18n.ts">
        <metrics statements="1" coveredstatements="1" conditionals="0" coveredconditionals="0" methods="0" coveredmethods="0"/>
        <line num="6" count="1" type="stmt"/>
      </file>
    </package>
    <package name="src.Constants">
      <metrics statements="1" coveredstatements="1" conditionals="0" coveredconditionals="0" methods="0" coveredmethods="0"/>
      <file name="GameState.ts" path="F:\webdev\DictThreeJs\src\Constants\GameState.ts">
        <metrics statements="1" coveredstatements="1" conditionals="0" coveredconditionals="0" methods="0" coveredmethods="0"/>
        <line num="109" count="4" type="stmt"/>
      </file>
    </package>
    <package name="src.Stores">
      <metrics statements="136" coveredstatements="104" conditionals="77" coveredconditionals="56" methods="23" coveredmethods="22"/>
      <file name="ActionHandler.ts" path="F:\webdev\DictThreeJs\src\Stores\ActionHandler.ts">
        <metrics statements="37" coveredstatements="35" conditionals="14" coveredconditionals="11" methods="10" coveredmethods="10"/>
        <line num="16" count="6" type="stmt"/>
        <line num="18" count="6" type="cond" truecount="2" falsecount="0"/>
        <line num="19" count="1" type="stmt"/>
        <line num="28" count="5" type="stmt"/>
        <line num="49" count="3" type="stmt"/>
        <line num="51" count="3" type="stmt"/>
        <line num="52" count="3" type="cond" truecount="2" falsecount="2"/>
        <line num="53" count="0" type="stmt"/>
        <line num="55" count="3" type="stmt"/>
        <line num="57" count="3" type="cond" truecount="2" falsecount="0"/>
        <line num="58" count="1" type="stmt"/>
        <line num="69" count="6" type="stmt"/>
        <line num="70" count="2" type="stmt"/>
        <line num="72" count="2" type="stmt"/>
        <line num="89" count="6" type="stmt"/>
        <line num="91" count="6" type="stmt"/>
        <line num="112" count="5" type="stmt"/>
        <line num="113" count="5" type="cond" truecount="1" falsecount="1"/>
        <line num="114" count="0" type="stmt"/>
        <line num="129" count="5" type="stmt"/>
        <line num="130" count="5" type="stmt"/>
        <line num="132" count="5" type="stmt"/>
        <line num="133" count="5" type="stmt"/>
        <line num="134" count="5" type="stmt"/>
        <line num="135" count="5" type="stmt"/>
        <line num="137" count="5" type="cond" truecount="2" falsecount="0"/>
        <line num="138" count="2" type="stmt"/>
        <line num="153" count="3" type="cond" truecount="2" falsecount="0"/>
        <line num="154" count="2" type="stmt"/>
        <line num="169" count="1" type="stmt"/>
        <line num="182" count="20" type="stmt"/>
        <line num="184" count="20" type="stmt"/>
        <line num="185" count="6" type="stmt"/>
        <line num="186" count="3" type="stmt"/>
        <line num="187" count="6" type="stmt"/>
        <line num="188" count="5" type="stmt"/>
        <line num="191" count="20" type="stmt"/>
      </file>
      <file name="BudgetHandler.ts" path="F:\webdev\DictThreeJs\src\Stores\BudgetHandler.ts">
        <metrics statements="31" coveredstatements="28" conditionals="11" coveredconditionals="8" methods="5" coveredmethods="5"/>
        <line num="23" count="12" type="stmt"/>
        <line num="24" count="10" type="stmt"/>
        <line num="25" count="10" type="stmt"/>
        <line num="41" count="10" type="stmt"/>
        <line num="42" count="10" type="stmt"/>
        <line num="43" count="10" type="stmt"/>
        <line num="45" count="10" type="stmt"/>
        <line num="46" count="10" type="stmt"/>
        <line num="49" count="10" type="cond" truecount="1" falsecount="1"/>
        <line num="50" count="0" type="stmt"/>
        <line num="51" count="10" type="cond" truecount="1" falsecount="1"/>
        <line num="52" count="0" type="stmt"/>
        <line num="56" count="10" type="cond" truecount="1" falsecount="1"/>
        <line num="57" count="0" type="stmt"/>
        <line num="60" count="10" type="stmt"/>
        <line num="61" count="10" type="stmt"/>
        <line num="62" count="10" type="stmt"/>
        <line num="63" count="10" type="stmt"/>
        <line num="65" count="10" type="stmt"/>
        <line num="78" count="13" type="cond" truecount="2" falsecount="0"/>
        <line num="79" count="7" type="stmt"/>
        <line num="80" count="7" type="stmt"/>
        <line num="81" count="7" type="stmt"/>
        <line num="82" count="7" type="stmt"/>
        <line num="85" count="6" type="cond" truecount="2" falsecount="0"/>
        <line num="86" count="5" type="stmt"/>
        <line num="87" count="5" type="stmt"/>
        <line num="88" count="5" type="stmt"/>
        <line num="89" count="5" type="stmt"/>
        <line num="92" count="1" type="stmt"/>
        <line num="93" count="1" type="stmt"/>
      </file>
      <file name="EffectHandler.ts" path="F:\webdev\DictThreeJs\src\Stores\EffectHandler.ts">
        <metrics statements="68" coveredstatements="41" conditionals="52" coveredconditionals="37" methods="8" coveredmethods="7"/>
        <line num="23" count="0" type="stmt"/>
        <line num="24" count="0" type="stmt"/>
        <line num="25" count="0" type="stmt"/>
        <line num="28" count="0" type="cond" truecount="0" falsecount="2"/>
        <line num="29" count="0" type="stmt"/>
        <line num="30" count="0" type="stmt"/>
        <line num="31" count="0" type="cond" truecount="0" falsecount="2"/>
        <line num="32" count="0" type="stmt"/>
        <line num="33" count="0" type="stmt"/>
        <line num="37" count="0" type="cond" truecount="0" falsecount="2"/>
        <line num="38" count="0" type="stmt"/>
        <line num="39" count="0" type="stmt"/>
        <line num="40" count="0" type="cond" truecount="0" falsecount="2"/>
        <line num="41" count="0" type="stmt"/>
        <line num="42" count="0" type="stmt"/>
        <line num="46" count="0" type="cond" truecount="0" falsecount="2"/>
        <line num="47" count="0" type="stmt"/>
        <line num="48" count="0" type="stmt"/>
        <line num="49" count="0" type="stmt"/>
        <line num="50" count="0" type="cond" truecount="0" falsecount="2"/>
        <line num="51" count="0" type="stmt"/>
        <line num="52" count="0" type="stmt"/>
        <line num="53" count="0" type="stmt"/>
        <line num="56" count="0" type="stmt"/>
        <line num="74" count="8" type="stmt"/>
        <line num="75" count="8" type="cond" truecount="2" falsecount="0"/>
        <line num="78" count="8" type="cond" truecount="2" falsecount="0"/>
        <line num="81" count="8" type="stmt"/>
        <line num="82" count="8" type="stmt"/>
        <line num="83" count="24" type="stmt"/>
        <line num="84" count="24" type="cond" truecount="2" falsecount="0"/>
        <line num="85" count="7" type="stmt"/>
        <line num="94" count="8" type="stmt"/>
        <line num="95" count="8" type="stmt"/>
        <line num="96" count="8" type="stmt"/>
        <line num="97" count="8" type="stmt"/>
        <line num="98" count="8" type="stmt"/>
        <line num="99" count="32" type="stmt"/>
        <line num="100" count="32" type="cond" truecount="1" falsecount="1"/>
        <line num="101" count="0" type="stmt"/>
        <line num="108" count="8" type="stmt"/>
        <line num="109" count="16" type="stmt"/>
        <line num="110" count="16" type="cond" truecount="1" falsecount="1"/>
        <line num="111" count="0" type="stmt"/>
        <line num="120" count="8" type="cond" truecount="2" falsecount="0"/>
        <line num="121" count="8" type="cond" truecount="4" falsecount="0"/>
        <line num="122" count="1" type="stmt"/>
        <line num="123" count="1" type="stmt"/>
        <line num="131" count="8" type="stmt"/>
        <line num="132" count="8" type="cond" truecount="2" falsecount="0"/>
        <line num="133" count="12" type="cond" truecount="2" falsecount="0"/>
        <line num="134" count="12" type="cond" truecount="2" falsecount="0"/>
        <line num="135" count="4" type="cond" truecount="5" falsecount="1"/>
        <line num="136" count="0" type="cond" truecount="2" falsecount="0"/>
        <line num="139" count="8" type="stmt"/>
        <line num="146" count="8" type="stmt"/>
        <line num="156" count="8" type="cond" truecount="2" falsecount="0"/>
        <line num="157" count="4" type="stmt"/>
        <line num="158" count="4" type="cond" truecount="2" falsecount="0"/>
        <line num="159" count="4" type="cond" truecount="4" falsecount="0"/>
        <line num="160" count="2" type="stmt"/>
        <line num="163" count="4" type="stmt"/>
        <line num="174" count="4" type="stmt"/>
        <line num="175" count="4" type="stmt"/>
        <line num="196" count="12" type="stmt"/>
        <line num="202" count="12" type="cond" truecount="2" falsecount="0"/>
        <line num="203" count="3" type="stmt"/>
        <line num="207" count="12" type="stmt"/>
      </file>
    </package>
    <package name="src.Utils">
      <metrics statements="24" coveredstatements="24" conditionals="6" coveredconditionals="6" methods="8" coveredmethods="8"/>
      <file name="Math.ts" path="F:\webdev\DictThreeJs\src\Utils\Math.ts">
        <metrics statements="18" coveredstatements="18" conditionals="6" coveredconditionals="6" methods="7" coveredmethods="7"/>
        <line num="1" count="5" type="stmt"/>
        <line num="2" count="54" type="stmt"/>
        <line num="6" count="203" type="stmt"/>
        <line num="10" count="27" type="cond" truecount="2" falsecount="0"/>
        <line num="11" count="1" type="stmt"/>
        <line num="12" count="1" type="stmt"/>
        <line num="15" count="100" type="stmt"/>
        <line num="17" count="26" type="cond" truecount="2" falsecount="0"/>
        <line num="18" count="1" type="stmt"/>
        <line num="19" count="1" type="stmt"/>
        <line num="22" count="25" type="stmt"/>
        <line num="23" count="25" type="stmt"/>
        <line num="27" count="109" type="cond" truecount="2" falsecount="0"/>
        <line num="28" count="1" type="stmt"/>
        <line num="30" count="108" type="stmt"/>
        <line num="31" count="108" type="stmt"/>
        <line num="36" count="6" type="stmt"/>
        <line num="41" count="5" type="stmt"/>
      </file>
      <file name="UI.ts" path="F:\webdev\DictThreeJs\src\Utils\UI.ts">
        <metrics statements="6" coveredstatements="6" conditionals="0" coveredconditionals="0" methods="1" coveredmethods="1"/>
        <line num="3" count="1" type="stmt"/>
        <line num="4" count="48" type="stmt"/>
        <line num="5" count="48" type="stmt"/>
        <line num="6" count="48" type="stmt"/>
        <line num="7" count="48" type="stmt"/>
        <line num="9" count="48" type="stmt"/>
      </file>
    </package>
    <package name="src.types">
      <metrics statements="1" coveredstatements="1" conditionals="0" coveredconditionals="0" methods="0" coveredmethods="0"/>
      <file name="Tabs.ts" path="F:\webdev\DictThreeJs\src\types\Tabs.ts">
        <metrics statements="1" coveredstatements="1" conditionals="0" coveredconditionals="0" methods="0" coveredmethods="0"/>
        <line num="1" count="4" type="stmt"/>
      </file>
    </package>
  </project>
</coverage>
