{"F:\\webdev\\DictThreeJs\\src\\Constants\\Costs.ts": {"path":"F:\\webdev\\DictThreeJs\\src\\Constants\\Costs.ts","statementMap":{"0":{"start":{"line":1,"column":21},"end":{"line":5,"column":null}},"1":{"start":{"line":7,"column":21},"end":{"line":11,"column":null}}},"fnMap":{},"branchMap":{},"s":{"0":1,"1":1},"f":{},"b":{},"meta":{"lastBranch":0,"lastFunction":0,"lastStatement":2,"seen":{"s:1:21:5:Infinity":0,"s:7:21:11:Infinity":1}}}
,"F:\\webdev\\DictThreeJs\\src\\Constants\\GameState.ts": {"path":"F:\\webdev\\DictThreeJs\\src\\Constants\\GameState.ts","statementMap":{"0":{"start":{"line":109,"column":47},"end":{"line":192,"column":null}}},"fnMap":{},"branchMap":{},"s":{"0":5},"f":{},"b":{},"meta":{"lastBranch":0,"lastFunction":0,"lastStatement":1,"seen":{"s:109:47:192:Infinity":0}}}
,"F:\\webdev\\DictThreeJs\\src\\Constants\\Power.ts": {"path":"F:\\webdev\\DictThreeJs\\src\\Constants\\Power.ts","statementMap":{"0":{"start":{"line":1,"column":21},"end":{"line":1,"column":null}}},"fnMap":{},"branchMap":{},"s":{"0":1},"f":{},"b":{},"meta":{"lastBranch":0,"lastFunction":0,"lastStatement":1,"seen":{"s:1:21:1:Infinity":0}}}
,"F:\\webdev\\DictThreeJs\\src\\Stores\\ActionHandler.ts": {"path":"F:\\webdev\\DictThreeJs\\src\\Stores\\ActionHandler.ts","statementMap":{"0":{"start":{"line":16,"column":17},"end":{"line":16,"column":null}},"1":{"start":{"line":18,"column":4},"end":{"line":26,"column":null}},"2":{"start":{"line":19,"column":8},"end":{"line":25,"column":null}},"3":{"start":{"line":28,"column":4},"end":{"line":41,"column":null}},"4":{"start":{"line":49,"column":21},"end":{"line":49,"column":null}},"5":{"start":{"line":51,"column":25},"end":{"line":51,"column":null}},"6":{"start":{"line":52,"column":4},"end":{"line":53,"column":null}},"7":{"start":{"line":52,"column":23},"end":{"line":52,"column":null}},"8":{"start":{"line":52,"column":40},"end":{"line":53,"column":null}},"9":{"start":{"line":53,"column":29},"end":{"line":53,"column":null}},"10":{"start":{"line":55,"column":10},"end":{"line":55,"column":null}},"11":{"start":{"line":57,"column":4},"end":{"line":67,"column":null}},"12":{"start":{"line":58,"column":8},"end":{"line":66,"column":null}},"13":{"start":{"line":69,"column":24},"end":{"line":69,"column":null}},"14":{"start":{"line":69,"column":64},"end":{"line":69,"column":75}},"15":{"start":{"line":70,"column":10},"end":{"line":70,"column":null}},"16":{"start":{"line":72,"column":4},"end":{"line":85,"column":null}},"17":{"start":{"line":89,"column":17},"end":{"line":89,"column":null}},"18":{"start":{"line":91,"column":4},"end":{"line":104,"column":null}},"19":{"start":{"line":112,"column":22},"end":{"line":112,"column":null}},"20":{"start":{"line":113,"column":4},"end":{"line":127,"column":null}},"21":{"start":{"line":114,"column":8},"end":{"line":126,"column":null}},"22":{"start":{"line":129,"column":28},"end":{"line":129,"column":null}},"23":{"start":{"line":130,"column":21},"end":{"line":130,"column":null}},"24":{"start":{"line":132,"column":26},"end":{"line":132,"column":null}},"25":{"start":{"line":133,"column":26},"end":{"line":133,"column":null}},"26":{"start":{"line":134,"column":29},"end":{"line":134,"column":null}},"27":{"start":{"line":135,"column":10},"end":{"line":135,"column":null}},"28":{"start":{"line":137,"column":4},"end":{"line":151,"column":null}},"29":{"start":{"line":138,"column":8},"end":{"line":150,"column":null}},"30":{"start":{"line":153,"column":4},"end":{"line":167,"column":null}},"31":{"start":{"line":154,"column":8},"end":{"line":166,"column":null}},"32":{"start":{"line":169,"column":4},"end":{"line":174,"column":null}},"33":{"start":{"line":182,"column":25},"end":{"line":182,"column":null}},"34":{"start":{"line":184,"column":93},"end":{"line":189,"column":null}},"35":{"start":{"line":185,"column":21},"end":{"line":185,"column":null}},"36":{"start":{"line":186,"column":26},"end":{"line":186,"column":null}},"37":{"start":{"line":187,"column":27},"end":{"line":187,"column":null}},"38":{"start":{"line":188,"column":25},"end":{"line":188,"column":null}},"39":{"start":{"line":191,"column":4},"end":{"line":191,"column":null}}},"fnMap":{"0":{"name":"handleBribe","decl":{"start":{"line":15,"column":9},"end":{"line":15,"column":21}},"loc":{"start":{"line":15,"column":67},"end":{"line":42,"column":null}},"line":15},"1":{"name":"handleEliminate","decl":{"start":{"line":44,"column":9},"end":{"line":44,"column":null}},"loc":{"start":{"line":48,"column":40},"end":{"line":86,"column":null}},"line":48},"2":{"name":"(anonymous_2)","decl":{"start":{"line":69,"column":57},"end":{"line":69,"column":58}},"loc":{"start":{"line":69,"column":64},"end":{"line":69,"column":75}},"line":69},"3":{"name":"handleExpropriate","decl":{"start":{"line":88,"column":9},"end":{"line":88,"column":27}},"loc":{"start":{"line":88,"column":73},"end":{"line":105,"column":null}},"line":88},"4":{"name":"handleDialogue","decl":{"start":{"line":107,"column":9},"end":{"line":107,"column":null}},"loc":{"start":{"line":110,"column":40},"end":{"line":175,"column":null}},"line":110},"5":{"name":"handleActionOutcome","decl":{"start":{"line":177,"column":16},"end":{"line":177,"column":null}},"loc":{"start":{"line":181,"column":16},"end":{"line":192,"column":null}},"line":181},"6":{"name":"(anonymous_6)","decl":{"start":{"line":185,"column":15},"end":{"line":185,"column":21}},"loc":{"start":{"line":185,"column":21},"end":{"line":185,"column":null}},"line":185},"7":{"name":"(anonymous_7)","decl":{"start":{"line":186,"column":19},"end":{"line":186,"column":26}},"loc":{"start":{"line":186,"column":26},"end":{"line":186,"column":null}},"line":186},"8":{"name":"(anonymous_8)","decl":{"start":{"line":187,"column":21},"end":{"line":187,"column":27}},"loc":{"start":{"line":187,"column":27},"end":{"line":187,"column":null}},"line":187},"9":{"name":"(anonymous_9)","decl":{"start":{"line":188,"column":18},"end":{"line":188,"column":25}},"loc":{"start":{"line":188,"column":25},"end":{"line":188,"column":null}},"line":188}},"branchMap":{"0":{"loc":{"start":{"line":18,"column":4},"end":{"line":26,"column":null}},"type":"if","locations":[{"start":{"line":18,"column":4},"end":{"line":26,"column":null}},{"start":{},"end":{}}],"line":18},"1":{"loc":{"start":{"line":52,"column":4},"end":{"line":53,"column":null}},"type":"if","locations":[{"start":{"line":52,"column":4},"end":{"line":53,"column":null}},{"start":{"line":52,"column":40},"end":{"line":53,"column":null}}],"line":52},"2":{"loc":{"start":{"line":52,"column":40},"end":{"line":53,"column":null}},"type":"if","locations":[{"start":{"line":52,"column":40},"end":{"line":53,"column":null}},{"start":{},"end":{}}],"line":52},"3":{"loc":{"start":{"line":57,"column":4},"end":{"line":67,"column":null}},"type":"if","locations":[{"start":{"line":57,"column":4},"end":{"line":67,"column":null}},{"start":{},"end":{}}],"line":57},"4":{"loc":{"start":{"line":113,"column":4},"end":{"line":127,"column":null}},"type":"if","locations":[{"start":{"line":113,"column":4},"end":{"line":127,"column":null}},{"start":{},"end":{}}],"line":113},"5":{"loc":{"start":{"line":137,"column":4},"end":{"line":151,"column":null}},"type":"if","locations":[{"start":{"line":137,"column":4},"end":{"line":151,"column":null}},{"start":{},"end":{}}],"line":137},"6":{"loc":{"start":{"line":153,"column":4},"end":{"line":167,"column":null}},"type":"if","locations":[{"start":{"line":153,"column":4},"end":{"line":167,"column":null}},{"start":{},"end":{}}],"line":153}},"s":{"0":6,"1":6,"2":1,"3":5,"4":5,"5":5,"6":5,"7":1,"8":4,"9":1,"10":5,"11":5,"12":2,"13":3,"14":9,"15":3,"16":3,"17":6,"18":6,"19":6,"20":6,"21":1,"22":5,"23":5,"24":5,"25":5,"26":5,"27":5,"28":5,"29":1,"30":4,"31":3,"32":1,"33":23,"34":23,"35":6,"36":5,"37":6,"38":6,"39":23},"f":{"0":6,"1":5,"2":9,"3":6,"4":6,"5":23,"6":6,"7":5,"8":6,"9":6},"b":{"0":[1,5],"1":[1,4],"2":[1,3],"3":[2,3],"4":[1,5],"5":[1,4],"6":[3,1]},"meta":{"lastBranch":7,"lastFunction":10,"lastStatement":40,"seen":{"f:15:9:15:21":0,"s:16:17:16:Infinity":0,"b:18:4:26:Infinity:undefined:undefined:undefined:undefined":0,"s:18:4:26:Infinity":1,"s:19:8:25:Infinity":2,"s:28:4:41:Infinity":3,"f:44:9:44:Infinity":1,"s:49:21:49:Infinity":4,"s:51:25:51:Infinity":5,"b:52:4:53:Infinity:52:40:53:Infinity":1,"s:52:4:53:Infinity":6,"s:52:23:52:Infinity":7,"b:52:40:53:Infinity:undefined:undefined:undefined:undefined":2,"s:52:40:53:Infinity":8,"s:53:29:53:Infinity":9,"s:55:10:55:Infinity":10,"b:57:4:67:Infinity:undefined:undefined:undefined:undefined":3,"s:57:4:67:Infinity":11,"s:58:8:66:Infinity":12,"s:69:24:69:Infinity":13,"f:69:57:69:58":2,"s:69:64:69:75":14,"s:70:10:70:Infinity":15,"s:72:4:85:Infinity":16,"f:88:9:88:27":3,"s:89:17:89:Infinity":17,"s:91:4:104:Infinity":18,"f:107:9:107:Infinity":4,"s:112:22:112:Infinity":19,"b:113:4:127:Infinity:undefined:undefined:undefined:undefined":4,"s:113:4:127:Infinity":20,"s:114:8:126:Infinity":21,"s:129:28:129:Infinity":22,"s:130:21:130:Infinity":23,"s:132:26:132:Infinity":24,"s:133:26:133:Infinity":25,"s:134:29:134:Infinity":26,"s:135:10:135:Infinity":27,"b:137:4:151:Infinity:undefined:undefined:undefined:undefined":5,"s:137:4:151:Infinity":28,"s:138:8:150:Infinity":29,"b:153:4:167:Infinity:undefined:undefined:undefined:undefined":6,"s:153:4:167:Infinity":30,"s:154:8:166:Infinity":31,"s:169:4:174:Infinity":32,"f:177:16:177:Infinity":5,"s:182:25:182:Infinity":33,"s:184:93:189:Infinity":34,"f:185:15:185:21":6,"s:185:21:185:Infinity":35,"f:186:19:186:26":7,"s:186:26:186:Infinity":36,"f:187:21:187:27":8,"s:187:27:187:Infinity":37,"f:188:18:188:25":9,"s:188:25:188:Infinity":38,"s:191:4:191:Infinity":39}}}
,"F:\\webdev\\DictThreeJs\\src\\Stores\\BudgetHandler.ts": {"path":"F:\\webdev\\DictThreeJs\\src\\Stores\\BudgetHandler.ts","statementMap":{"0":{"start":{"line":23,"column":4},"end":{"line":26,"column":null}},"1":{"start":{"line":24,"column":52},"end":{"line":24,"column":73}},"2":{"start":{"line":25,"column":54},"end":{"line":25,"column":76}},"3":{"start":{"line":41,"column":23},"end":{"line":41,"column":null}},"4":{"start":{"line":42,"column":43},"end":{"line":42,"column":null}},"5":{"start":{"line":43,"column":60},"end":{"line":43,"column":null}},"6":{"start":{"line":45,"column":23},"end":{"line":45,"column":null}},"7":{"start":{"line":46,"column":25},"end":{"line":46,"column":null}},"8":{"start":{"line":49,"column":4},"end":{"line":53,"column":null}},"9":{"start":{"line":50,"column":8},"end":{"line":50,"column":null}},"10":{"start":{"line":51,"column":4},"end":{"line":53,"column":null}},"11":{"start":{"line":52,"column":8},"end":{"line":52,"column":null}},"12":{"start":{"line":56,"column":4},"end":{"line":58,"column":null}},"13":{"start":{"line":57,"column":8},"end":{"line":57,"column":null}},"14":{"start":{"line":60,"column":24},"end":{"line":60,"column":null}},"15":{"start":{"line":61,"column":10},"end":{"line":61,"column":null}},"16":{"start":{"line":62,"column":51},"end":{"line":62,"column":null}},"17":{"start":{"line":63,"column":22},"end":{"line":63,"column":null}},"18":{"start":{"line":65,"column":4},"end":{"line":65,"column":null}},"19":{"start":{"line":78,"column":4},"end":{"line":83,"column":null}},"20":{"start":{"line":79,"column":20},"end":{"line":79,"column":null}},"21":{"start":{"line":80,"column":24},"end":{"line":80,"column":null}},"22":{"start":{"line":81,"column":14},"end":{"line":81,"column":null}},"23":{"start":{"line":82,"column":8},"end":{"line":82,"column":null}},"24":{"start":{"line":85,"column":4},"end":{"line":90,"column":null}},"25":{"start":{"line":86,"column":20},"end":{"line":86,"column":null}},"26":{"start":{"line":87,"column":24},"end":{"line":87,"column":null}},"27":{"start":{"line":88,"column":14},"end":{"line":88,"column":null}},"28":{"start":{"line":89,"column":8},"end":{"line":89,"column":null}},"29":{"start":{"line":92,"column":4},"end":{"line":92,"column":null}},"30":{"start":{"line":93,"column":4},"end":{"line":93,"column":null}}},"fnMap":{"0":{"name":"sumRecurringEffects","decl":{"start":{"line":19,"column":16},"end":{"line":19,"column":36}},"loc":{"start":{"line":22,"column":2},"end":{"line":27,"column":null}},"line":22},"1":{"name":"(anonymous_1)","decl":{"start":{"line":24,"column":40},"end":{"line":24,"column":41}},"loc":{"start":{"line":24,"column":52},"end":{"line":24,"column":73}},"line":24},"2":{"name":"(anonymous_2)","decl":{"start":{"line":25,"column":42},"end":{"line":25,"column":43}},"loc":{"start":{"line":25,"column":54},"end":{"line":25,"column":76}},"line":25},"3":{"name":"calculateRoundFinancials","decl":{"start":{"line":37,"column":16},"end":{"line":37,"column":null}},"loc":{"start":{"line":40,"column":19},"end":{"line":66,"column":null}},"line":40},"4":{"name":"handleBudgetChange","decl":{"start":{"line":72,"column":16},"end":{"line":72,"column":35}},"loc":{"start":{"line":76,"column":23},"end":{"line":94,"column":null}},"line":76}},"branchMap":{"0":{"loc":{"start":{"line":39,"column":4},"end":{"line":39,"column":null}},"type":"default-arg","locations":[{"start":{"line":39,"column":54},"end":{"line":39,"column":null}}],"line":39},"1":{"loc":{"start":{"line":49,"column":4},"end":{"line":53,"column":null}},"type":"if","locations":[{"start":{"line":49,"column":4},"end":{"line":53,"column":null}},{"start":{"line":51,"column":4},"end":{"line":53,"column":null}}],"line":49},"2":{"loc":{"start":{"line":51,"column":4},"end":{"line":53,"column":null}},"type":"if","locations":[{"start":{"line":51,"column":4},"end":{"line":53,"column":null}},{"start":{},"end":{}}],"line":51},"3":{"loc":{"start":{"line":56,"column":4},"end":{"line":58,"column":null}},"type":"if","locations":[{"start":{"line":56,"column":4},"end":{"line":58,"column":null}},{"start":{},"end":{}}],"line":56},"4":{"loc":{"start":{"line":78,"column":4},"end":{"line":83,"column":null}},"type":"if","locations":[{"start":{"line":78,"column":4},"end":{"line":83,"column":null}},{"start":{},"end":{}}],"line":78},"5":{"loc":{"start":{"line":85,"column":4},"end":{"line":90,"column":null}},"type":"if","locations":[{"start":{"line":85,"column":4},"end":{"line":90,"column":null}},{"start":{},"end":{}}],"line":85}},"s":{"0":28,"1":14,"2":14,"3":26,"4":26,"5":26,"6":26,"7":26,"8":26,"9":2,"10":24,"11":1,"12":26,"13":2,"14":26,"15":26,"16":26,"17":26,"18":26,"19":13,"20":7,"21":7,"22":7,"23":7,"24":6,"25":5,"26":5,"27":5,"28":5,"29":1,"30":1},"f":{"0":28,"1":14,"2":14,"3":26,"4":13},"b":{"0":[26],"1":[2,24],"2":[1,23],"3":[2,24],"4":[7,6],"5":[5,1]},"meta":{"lastBranch":6,"lastFunction":5,"lastStatement":31,"seen":{"f:19:16:19:36":0,"s:23:4:26:Infinity":0,"f:24:40:24:41":1,"s:24:52:24:73":1,"f:25:42:25:43":2,"s:25:54:25:76":2,"f:37:16:37:Infinity":3,"b:39:54:39:Infinity":0,"s:41:23:41:Infinity":3,"s:42:43:42:Infinity":4,"s:43:60:43:Infinity":5,"s:45:23:45:Infinity":6,"s:46:25:46:Infinity":7,"b:49:4:53:Infinity:51:4:53:Infinity":1,"s:49:4:53:Infinity":8,"s:50:8:50:Infinity":9,"b:51:4:53:Infinity:undefined:undefined:undefined:undefined":2,"s:51:4:53:Infinity":10,"s:52:8:52:Infinity":11,"b:56:4:58:Infinity:undefined:undefined:undefined:undefined":3,"s:56:4:58:Infinity":12,"s:57:8:57:Infinity":13,"s:60:24:60:Infinity":14,"s:61:10:61:Infinity":15,"s:62:51:62:Infinity":16,"s:63:22:63:Infinity":17,"s:65:4:65:Infinity":18,"f:72:16:72:35":4,"b:78:4:83:Infinity:undefined:undefined:undefined:undefined":4,"s:78:4:83:Infinity":19,"s:79:20:79:Infinity":20,"s:80:24:80:Infinity":21,"s:81:14:81:Infinity":22,"s:82:8:82:Infinity":23,"b:85:4:90:Infinity:undefined:undefined:undefined:undefined":5,"s:85:4:90:Infinity":24,"s:86:20:86:Infinity":25,"s:87:24:87:Infinity":26,"s:88:14:88:Infinity":27,"s:89:8:89:Infinity":28,"s:92:4:92:Infinity":29,"s:93:4:93:Infinity":30}}}
,"F:\\webdev\\DictThreeJs\\src\\Stores\\DailyEventHandler.ts": {"path":"F:\\webdev\\DictThreeJs\\src\\Stores\\DailyEventHandler.ts","statementMap":{"0":{"start":{"line":11,"column":24},"end":{"line":11,"column":null}},"1":{"start":{"line":11,"column":60},"end":{"line":11,"column":80}},"2":{"start":{"line":14,"column":17},"end":{"line":14,"column":null}},"3":{"start":{"line":17,"column":21},"end":{"line":17,"column":null}},"4":{"start":{"line":18,"column":4},"end":{"line":23,"column":null}},"5":{"start":{"line":19,"column":8},"end":{"line":19,"column":null}},"6":{"start":{"line":20,"column":8},"end":{"line":22,"column":null}},"7":{"start":{"line":21,"column":12},"end":{"line":21,"column":null}},"8":{"start":{"line":25,"column":4},"end":{"line":25,"column":null}},"9":{"start":{"line":34,"column":24},"end":{"line":34,"column":null}},"10":{"start":{"line":34,"column":53},"end":{"line":34,"column":74}},"11":{"start":{"line":36,"column":4},"end":{"line":36,"column":null}},"12":{"start":{"line":36,"column":34},"end":{"line":36,"column":null}},"13":{"start":{"line":38,"column":24},"end":{"line":38,"column":null}},"14":{"start":{"line":38,"column":59},"end":{"line":38,"column":79}},"15":{"start":{"line":39,"column":17},"end":{"line":39,"column":null}},"16":{"start":{"line":41,"column":21},"end":{"line":41,"column":null}},"17":{"start":{"line":42,"column":4},"end":{"line":47,"column":null}},"18":{"start":{"line":43,"column":8},"end":{"line":43,"column":null}},"19":{"start":{"line":44,"column":8},"end":{"line":46,"column":null}},"20":{"start":{"line":45,"column":12},"end":{"line":45,"column":null}},"21":{"start":{"line":49,"column":4},"end":{"line":49,"column":null}}},"fnMap":{"0":{"name":"getRandomDailyEvent","decl":{"start":{"line":9,"column":16},"end":{"line":9,"column":57}},"loc":{"start":{"line":9,"column":57},"end":{"line":26,"column":null}},"line":9},"1":{"name":"(anonymous_1)","decl":{"start":{"line":11,"column":44},"end":{"line":11,"column":45}},"loc":{"start":{"line":11,"column":60},"end":{"line":11,"column":80}},"line":11},"2":{"name":"getRandomDailyEventForPower","decl":{"start":{"line":33,"column":16},"end":{"line":33,"column":44}},"loc":{"start":{"line":33,"column":77},"end":{"line":50,"column":null}},"line":33},"3":{"name":"(anonymous_3)","decl":{"start":{"line":34,"column":44},"end":{"line":34,"column":53}},"loc":{"start":{"line":34,"column":53},"end":{"line":34,"column":74}},"line":34},"4":{"name":"(anonymous_4)","decl":{"start":{"line":38,"column":43},"end":{"line":38,"column":44}},"loc":{"start":{"line":38,"column":59},"end":{"line":38,"column":79}},"line":38}},"branchMap":{"0":{"loc":{"start":{"line":20,"column":8},"end":{"line":22,"column":null}},"type":"if","locations":[{"start":{"line":20,"column":8},"end":{"line":22,"column":null}},{"start":{},"end":{}}],"line":20},"1":{"loc":{"start":{"line":36,"column":4},"end":{"line":36,"column":null}},"type":"if","locations":[{"start":{"line":36,"column":4},"end":{"line":36,"column":null}},{"start":{},"end":{}}],"line":36},"2":{"loc":{"start":{"line":44,"column":8},"end":{"line":46,"column":null}},"type":"if","locations":[{"start":{"line":44,"column":8},"end":{"line":46,"column":null}},{"start":{},"end":{}}],"line":44}},"s":{"0":20,"1":720,"2":20,"3":20,"4":20,"5":330,"6":330,"7":20,"8":0,"9":0,"10":0,"11":0,"12":0,"13":0,"14":0,"15":0,"16":0,"17":0,"18":0,"19":0,"20":0,"21":0},"f":{"0":20,"1":720,"2":0,"3":0,"4":0},"b":{"0":[20,310],"1":[0,0],"2":[0,0]},"meta":{"lastBranch":3,"lastFunction":5,"lastStatement":22,"seen":{"f:9:16:9:57":0,"s:11:24:11:Infinity":0,"f:11:44:11:45":1,"s:11:60:11:80":1,"s:14:17:14:Infinity":2,"s:17:21:17:Infinity":3,"s:18:4:23:Infinity":4,"s:19:8:19:Infinity":5,"b:20:8:22:Infinity:undefined:undefined:undefined:undefined":0,"s:20:8:22:Infinity":6,"s:21:12:21:Infinity":7,"s:25:4:25:Infinity":8,"f:33:16:33:44":2,"s:34:24:34:Infinity":9,"f:34:44:34:53":3,"s:34:53:34:74":10,"b:36:4:36:Infinity:undefined:undefined:undefined:undefined":1,"s:36:4:36:Infinity":11,"s:36:34:36:Infinity":12,"s:38:24:38:Infinity":13,"f:38:43:38:44":4,"s:38:59:38:79":14,"s:39:17:39:Infinity":15,"s:41:21:41:Infinity":16,"s:42:4:47:Infinity":17,"s:43:8:43:Infinity":18,"b:44:8:46:Infinity:undefined:undefined:undefined:undefined":2,"s:44:8:46:Infinity":19,"s:45:12:45:Infinity":20,"s:49:4:49:Infinity":21}}}
,"F:\\webdev\\DictThreeJs\\src\\Stores\\EffectHandler.ts": {"path":"F:\\webdev\\DictThreeJs\\src\\Stores\\EffectHandler.ts","statementMap":{"0":{"start":{"line":24,"column":31},"end":{"line":24,"column":null}},"1":{"start":{"line":25,"column":16},"end":{"line":25,"column":null}},"2":{"start":{"line":26,"column":34},"end":{"line":26,"column":null}},"3":{"start":{"line":29,"column":4},"end":{"line":35,"column":null}},"4":{"start":{"line":30,"column":8},"end":{"line":30,"column":null}},"5":{"start":{"line":31,"column":8},"end":{"line":31,"column":null}},"6":{"start":{"line":32,"column":4},"end":{"line":35,"column":null}},"7":{"start":{"line":33,"column":8},"end":{"line":33,"column":null}},"8":{"start":{"line":34,"column":8},"end":{"line":34,"column":null}},"9":{"start":{"line":38,"column":4},"end":{"line":44,"column":null}},"10":{"start":{"line":39,"column":8},"end":{"line":39,"column":null}},"11":{"start":{"line":40,"column":8},"end":{"line":40,"column":null}},"12":{"start":{"line":41,"column":4},"end":{"line":44,"column":null}},"13":{"start":{"line":42,"column":8},"end":{"line":42,"column":null}},"14":{"start":{"line":43,"column":8},"end":{"line":43,"column":null}},"15":{"start":{"line":47,"column":4},"end":{"line":55,"column":null}},"16":{"start":{"line":48,"column":8},"end":{"line":48,"column":null}},"17":{"start":{"line":49,"column":8},"end":{"line":49,"column":null}},"18":{"start":{"line":50,"column":8},"end":{"line":50,"column":null}},"19":{"start":{"line":51,"column":4},"end":{"line":55,"column":null}},"20":{"start":{"line":52,"column":8},"end":{"line":52,"column":null}},"21":{"start":{"line":53,"column":8},"end":{"line":53,"column":null}},"22":{"start":{"line":54,"column":8},"end":{"line":54,"column":null}},"23":{"start":{"line":57,"column":4},"end":{"line":57,"column":null}},"24":{"start":{"line":75,"column":18},"end":{"line":75,"column":null}},"25":{"start":{"line":76,"column":19},"end":{"line":76,"column":null}},"26":{"start":{"line":79,"column":24},"end":{"line":79,"column":null}},"27":{"start":{"line":82,"column":25},"end":{"line":82,"column":null}},"28":{"start":{"line":83,"column":4},"end":{"line":92,"column":null}},"29":{"start":{"line":84,"column":22},"end":{"line":84,"column":null}},"30":{"start":{"line":85,"column":8},"end":{"line":91,"column":null}},"31":{"start":{"line":86,"column":12},"end":{"line":90,"column":null}},"32":{"start":{"line":95,"column":28},"end":{"line":95,"column":null}},"33":{"start":{"line":96,"column":21},"end":{"line":96,"column":null}},"34":{"start":{"line":97,"column":44},"end":{"line":97,"column":null}},"35":{"start":{"line":98,"column":29},"end":{"line":98,"column":null}},"36":{"start":{"line":99,"column":4},"end":{"line":108,"column":null}},"37":{"start":{"line":100,"column":22},"end":{"line":100,"column":null}},"38":{"start":{"line":101,"column":8},"end":{"line":107,"column":null}},"39":{"start":{"line":102,"column":12},"end":{"line":106,"column":null}},"40":{"start":{"line":109,"column":4},"end":{"line":118,"column":null}},"41":{"start":{"line":110,"column":22},"end":{"line":110,"column":null}},"42":{"start":{"line":111,"column":8},"end":{"line":117,"column":null}},"43":{"start":{"line":112,"column":12},"end":{"line":116,"column":null}},"44":{"start":{"line":121,"column":26},"end":{"line":121,"column":null}},"45":{"start":{"line":122,"column":4},"end":{"line":129,"column":null}},"46":{"start":{"line":123,"column":14},"end":{"line":123,"column":null}},"47":{"start":{"line":124,"column":8},"end":{"line":128,"column":null}},"48":{"start":{"line":132,"column":24},"end":{"line":132,"column":null}},"49":{"start":{"line":133,"column":4},"end":{"line":138,"column":null}},"50":{"start":{"line":134,"column":28},"end":{"line":134,"column":null}},"51":{"start":{"line":134,"column":53},"end":{"line":134,"column":112}},"52":{"start":{"line":135,"column":28},"end":{"line":135,"column":null}},"53":{"start":{"line":135,"column":53},"end":{"line":135,"column":112}},"54":{"start":{"line":136,"column":8},"end":{"line":137,"column":null}},"55":{"start":{"line":136,"column":54},"end":{"line":136,"column":null}},"56":{"start":{"line":136,"column":70},"end":{"line":137,"column":null}},"57":{"start":{"line":137,"column":60},"end":{"line":137,"column":null}},"58":{"start":{"line":140,"column":10},"end":{"line":144,"column":null}},"59":{"start":{"line":147,"column":38},"end":{"line":154,"column":null}},"60":{"start":{"line":157,"column":23},"end":{"line":165,"column":null}},"61":{"start":{"line":168,"column":4},"end":{"line":201,"column":null}},"62":{"start":{"line":169,"column":21},"end":{"line":169,"column":null}},"63":{"start":{"line":170,"column":26},"end":{"line":170,"column":null}},"64":{"start":{"line":171,"column":8},"end":{"line":175,"column":null}},"65":{"start":{"line":172,"column":12},"end":{"line":172,"column":null}},"66":{"start":{"line":174,"column":12},"end":{"line":174,"column":null}},"67":{"start":{"line":176,"column":8},"end":{"line":178,"column":null}},"68":{"start":{"line":177,"column":12},"end":{"line":177,"column":null}},"69":{"start":{"line":180,"column":8},"end":{"line":189,"column":null}},"70":{"start":{"line":191,"column":20},"end":{"line":191,"column":null}},"71":{"start":{"line":192,"column":8},"end":{"line":200,"column":null}},"72":{"start":{"line":213,"column":10},"end":{"line":217,"column":null}},"73":{"start":{"line":219,"column":4},"end":{"line":222,"column":null}},"74":{"start":{"line":220,"column":8},"end":{"line":220,"column":null}},"75":{"start":{"line":224,"column":4},"end":{"line":224,"column":null}}},"fnMap":{"0":{"name":"applyBudgetEffects","decl":{"start":{"line":20,"column":16},"end":{"line":20,"column":null}},"loc":{"start":{"line":23,"column":22},"end":{"line":58,"column":null}},"line":23},"1":{"name":"handleDecision","decl":{"start":{"line":62,"column":16},"end":{"line":62,"column":31}},"loc":{"start":{"line":74,"column":3},"end":{"line":202,"column":null}},"line":74},"2":{"name":"(anonymous_2)","decl":{"start":{"line":83,"column":18},"end":{"line":83,"column":19}},"loc":{"start":{"line":83,"column":27},"end":{"line":92,"column":5}},"line":83},"3":{"name":"(anonymous_3)","decl":{"start":{"line":99,"column":28},"end":{"line":99,"column":29}},"loc":{"start":{"line":99,"column":37},"end":{"line":108,"column":5}},"line":99},"4":{"name":"(anonymous_4)","decl":{"start":{"line":109,"column":20},"end":{"line":109,"column":21}},"loc":{"start":{"line":109,"column":29},"end":{"line":118,"column":5}},"line":109},"5":{"name":"(anonymous_5)","decl":{"start":{"line":134,"column":41},"end":{"line":134,"column":42}},"loc":{"start":{"line":134,"column":53},"end":{"line":134,"column":112}},"line":134},"6":{"name":"(anonymous_6)","decl":{"start":{"line":135,"column":41},"end":{"line":135,"column":42}},"loc":{"start":{"line":135,"column":53},"end":{"line":135,"column":112}},"line":135},"7":{"name":"handleRelations","decl":{"start":{"line":204,"column":16},"end":{"line":204,"column":32}},"loc":{"start":{"line":212,"column":3},"end":{"line":225,"column":null}},"line":212}},"branchMap":{"0":{"loc":{"start":{"line":29,"column":4},"end":{"line":35,"column":null}},"type":"if","locations":[{"start":{"line":29,"column":4},"end":{"line":35,"column":null}},{"start":{"line":32,"column":4},"end":{"line":35,"column":null}}],"line":29},"1":{"loc":{"start":{"line":32,"column":4},"end":{"line":35,"column":null}},"type":"if","locations":[{"start":{"line":32,"column":4},"end":{"line":35,"column":null}},{"start":{},"end":{}}],"line":32},"2":{"loc":{"start":{"line":38,"column":4},"end":{"line":44,"column":null}},"type":"if","locations":[{"start":{"line":38,"column":4},"end":{"line":44,"column":null}},{"start":{"line":41,"column":4},"end":{"line":44,"column":null}}],"line":38},"3":{"loc":{"start":{"line":41,"column":4},"end":{"line":44,"column":null}},"type":"if","locations":[{"start":{"line":41,"column":4},"end":{"line":44,"column":null}},{"start":{},"end":{}}],"line":41},"4":{"loc":{"start":{"line":47,"column":4},"end":{"line":55,"column":null}},"type":"if","locations":[{"start":{"line":47,"column":4},"end":{"line":55,"column":null}},{"start":{"line":51,"column":4},"end":{"line":55,"column":null}}],"line":47},"5":{"loc":{"start":{"line":51,"column":4},"end":{"line":55,"column":null}},"type":"if","locations":[{"start":{"line":51,"column":4},"end":{"line":55,"column":null}},{"start":{},"end":{}}],"line":51},"6":{"loc":{"start":{"line":76,"column":19},"end":{"line":76,"column":null}},"type":"cond-expr","locations":[{"start":{"line":76,"column":33},"end":{"line":76,"column":53}},{"start":{"line":76,"column":53},"end":{"line":76,"column":null}}],"line":76},"7":{"loc":{"start":{"line":79,"column":49},"end":{"line":79,"column":null}},"type":"binary-expr","locations":[{"start":{"line":79,"column":49},"end":{"line":79,"column":68}},{"start":{"line":79,"column":68},"end":{"line":79,"column":null}}],"line":79},"8":{"loc":{"start":{"line":85,"column":8},"end":{"line":91,"column":null}},"type":"if","locations":[{"start":{"line":85,"column":8},"end":{"line":91,"column":null}},{"start":{},"end":{}}],"line":85},"9":{"loc":{"start":{"line":101,"column":8},"end":{"line":107,"column":null}},"type":"if","locations":[{"start":{"line":101,"column":8},"end":{"line":107,"column":null}},{"start":{},"end":{}}],"line":101},"10":{"loc":{"start":{"line":111,"column":8},"end":{"line":117,"column":null}},"type":"if","locations":[{"start":{"line":111,"column":8},"end":{"line":117,"column":null}},{"start":{},"end":{}}],"line":111},"11":{"loc":{"start":{"line":121,"column":26},"end":{"line":121,"column":null}},"type":"binary-expr","locations":[{"start":{"line":121,"column":26},"end":{"line":121,"column":41}},{"start":{"line":121,"column":33},"end":{"line":121,"column":null}}],"line":121},"12":{"loc":{"start":{"line":122,"column":4},"end":{"line":129,"column":null}},"type":"if","locations":[{"start":{"line":122,"column":4},"end":{"line":129,"column":null}},{"start":{},"end":{}}],"line":122},"13":{"loc":{"start":{"line":122,"column":8},"end":{"line":122,"column":39}},"type":"binary-expr","locations":[{"start":{"line":122,"column":8},"end":{"line":122,"column":25}},{"start":{"line":122,"column":25},"end":{"line":122,"column":39}}],"line":122},"14":{"loc":{"start":{"line":133,"column":4},"end":{"line":138,"column":null}},"type":"if","locations":[{"start":{"line":133,"column":4},"end":{"line":138,"column":null}},{"start":{},"end":{}}],"line":133},"15":{"loc":{"start":{"line":134,"column":61},"end":{"line":134,"column":112}},"type":"binary-expr","locations":[{"start":{"line":134,"column":61},"end":{"line":134,"column":108}},{"start":{"line":134,"column":108},"end":{"line":134,"column":112}}],"line":134},"16":{"loc":{"start":{"line":135,"column":61},"end":{"line":135,"column":112}},"type":"binary-expr","locations":[{"start":{"line":135,"column":61},"end":{"line":135,"column":108}},{"start":{"line":135,"column":108},"end":{"line":135,"column":112}}],"line":135},"17":{"loc":{"start":{"line":136,"column":8},"end":{"line":137,"column":null}},"type":"if","locations":[{"start":{"line":136,"column":8},"end":{"line":137,"column":null}},{"start":{"line":136,"column":70},"end":{"line":137,"column":null}}],"line":136},"18":{"loc":{"start":{"line":136,"column":12},"end":{"line":136,"column":54}},"type":"binary-expr","locations":[{"start":{"line":136,"column":12},"end":{"line":136,"column":27}},{"start":{"line":136,"column":27},"end":{"line":136,"column":54}}],"line":136},"19":{"loc":{"start":{"line":136,"column":70},"end":{"line":137,"column":null}},"type":"if","locations":[{"start":{"line":136,"column":70},"end":{"line":137,"column":null}},{"start":{},"end":{}}],"line":136},"20":{"loc":{"start":{"line":137,"column":17},"end":{"line":137,"column":60}},"type":"binary-expr","locations":[{"start":{"line":137,"column":17},"end":{"line":137,"column":33}},{"start":{"line":137,"column":33},"end":{"line":137,"column":60}}],"line":137},"21":{"loc":{"start":{"line":147,"column":38},"end":{"line":154,"column":null}},"type":"cond-expr","locations":[{"start":{"line":147,"column":38},"end":{"line":153,"column":null}},{"start":{"line":154,"column":10},"end":{"line":154,"column":null}}],"line":147},"22":{"loc":{"start":{"line":168,"column":4},"end":{"line":201,"column":null}},"type":"if","locations":[{"start":{"line":168,"column":4},"end":{"line":201,"column":null}},{"start":{"line":190,"column":11},"end":{"line":201,"column":null}}],"line":168},"23":{"loc":{"start":{"line":171,"column":8},"end":{"line":175,"column":null}},"type":"if","locations":[{"start":{"line":171,"column":8},"end":{"line":175,"column":null}},{"start":{"line":173,"column":15},"end":{"line":175,"column":null}}],"line":171},"24":{"loc":{"start":{"line":176,"column":8},"end":{"line":178,"column":null}},"type":"if","locations":[{"start":{"line":176,"column":8},"end":{"line":178,"column":null}},{"start":{},"end":{}}],"line":176},"25":{"loc":{"start":{"line":176,"column":12},"end":{"line":176,"column":44}},"type":"binary-expr","locations":[{"start":{"line":176,"column":12},"end":{"line":176,"column":29}},{"start":{"line":176,"column":29},"end":{"line":176,"column":44}}],"line":176},"26":{"loc":{"start":{"line":219,"column":4},"end":{"line":222,"column":null}},"type":"if","locations":[{"start":{"line":219,"column":4},"end":{"line":222,"column":null}},{"start":{},"end":{}}],"line":219}},"s":{"0":16,"1":16,"2":16,"3":16,"4":4,"5":4,"6":12,"7":1,"8":1,"9":16,"10":2,"11":2,"12":14,"13":1,"14":1,"15":16,"16":2,"17":2,"18":2,"19":14,"20":1,"21":1,"22":1,"23":16,"24":23,"25":23,"26":23,"27":23,"28":23,"29":69,"30":69,"31":18,"32":23,"33":23,"34":23,"35":23,"36":23,"37":92,"38":92,"39":2,"40":23,"41":46,"42":46,"43":2,"44":23,"45":23,"46":1,"47":1,"48":23,"49":23,"50":18,"51":54,"52":18,"53":54,"54":18,"55":11,"56":7,"57":1,"58":23,"59":23,"60":23,"61":23,"62":5,"63":5,"64":5,"65":3,"66":2,"67":5,"68":2,"69":5,"70":18,"71":18,"72":23,"73":23,"74":3,"75":23},"f":{"0":16,"1":23,"2":69,"3":92,"4":46,"5":54,"6":54,"7":23},"b":{"0":[4,12],"1":[1,11],"2":[2,14],"3":[1,13],"4":[2,14],"5":[1,13],"6":[17,6],"7":[23,19],"8":[18,51],"9":[2,90],"10":[2,44],"11":[23,3],"12":[1,22],"13":[23,2],"14":[18,5],"15":[54,37],"16":[54,49],"17":[11,7],"18":[18,14],"19":[1,6],"20":[7,4],"21":[17,6],"22":[5,18],"23":[3,2],"24":[2,3],"25":[5,2],"26":[3,20]},"meta":{"lastBranch":27,"lastFunction":8,"lastStatement":76,"seen":{"f:20:16:20:Infinity":0,"s:24:31:24:Infinity":0,"s:25:16:25:Infinity":1,"s:26:34:26:Infinity":2,"b:29:4:35:Infinity:32:4:35:Infinity":0,"s:29:4:35:Infinity":3,"s:30:8:30:Infinity":4,"s:31:8:31:Infinity":5,"b:32:4:35:Infinity:undefined:undefined:undefined:undefined":1,"s:32:4:35:Infinity":6,"s:33:8:33:Infinity":7,"s:34:8:34:Infinity":8,"b:38:4:44:Infinity:41:4:44:Infinity":2,"s:38:4:44:Infinity":9,"s:39:8:39:Infinity":10,"s:40:8:40:Infinity":11,"b:41:4:44:Infinity:undefined:undefined:undefined:undefined":3,"s:41:4:44:Infinity":12,"s:42:8:42:Infinity":13,"s:43:8:43:Infinity":14,"b:47:4:55:Infinity:51:4:55:Infinity":4,"s:47:4:55:Infinity":15,"s:48:8:48:Infinity":16,"s:49:8:49:Infinity":17,"s:50:8:50:Infinity":18,"b:51:4:55:Infinity:undefined:undefined:undefined:undefined":5,"s:51:4:55:Infinity":19,"s:52:8:52:Infinity":20,"s:53:8:53:Infinity":21,"s:54:8:54:Infinity":22,"s:57:4:57:Infinity":23,"f:62:16:62:31":1,"s:75:18:75:Infinity":24,"s:76:19:76:Infinity":25,"b:76:33:76:53:76:53:76:Infinity":6,"s:79:24:79:Infinity":26,"b:79:49:79:68:79:68:79:Infinity":7,"s:82:25:82:Infinity":27,"s:83:4:92:Infinity":28,"f:83:18:83:19":2,"s:84:22:84:Infinity":29,"b:85:8:91:Infinity:undefined:undefined:undefined:undefined":8,"s:85:8:91:Infinity":30,"s:86:12:90:Infinity":31,"s:95:28:95:Infinity":32,"s:96:21:96:Infinity":33,"s:97:44:97:Infinity":34,"s:98:29:98:Infinity":35,"s:99:4:108:Infinity":36,"f:99:28:99:29":3,"s:100:22:100:Infinity":37,"b:101:8:107:Infinity:undefined:undefined:undefined:undefined":9,"s:101:8:107:Infinity":38,"s:102:12:106:Infinity":39,"s:109:4:118:Infinity":40,"f:109:20:109:21":4,"s:110:22:110:Infinity":41,"b:111:8:117:Infinity:undefined:undefined:undefined:undefined":10,"s:111:8:117:Infinity":42,"s:112:12:116:Infinity":43,"s:121:26:121:Infinity":44,"b:121:26:121:41:121:33:121:Infinity":11,"b:122:4:129:Infinity:undefined:undefined:undefined:undefined":12,"s:122:4:129:Infinity":45,"b:122:8:122:25:122:25:122:39":13,"s:123:14:123:Infinity":46,"s:124:8:128:Infinity":47,"s:132:24:132:Infinity":48,"b:133:4:138:Infinity:undefined:undefined:undefined:undefined":14,"s:133:4:138:Infinity":49,"s:134:28:134:Infinity":50,"f:134:41:134:42":5,"s:134:53:134:112":51,"b:134:61:134:108:134:108:134:112":15,"s:135:28:135:Infinity":52,"f:135:41:135:42":6,"s:135:53:135:112":53,"b:135:61:135:108:135:108:135:112":16,"b:136:8:137:Infinity:136:70:137:Infinity":17,"s:136:8:137:Infinity":54,"b:136:12:136:27:136:27:136:54":18,"s:136:54:136:Infinity":55,"b:136:70:137:Infinity:undefined:undefined:undefined:undefined":19,"s:136:70:137:Infinity":56,"b:137:17:137:33:137:33:137:60":20,"s:137:60:137:Infinity":57,"s:140:10:144:Infinity":58,"s:147:38:154:Infinity":59,"b:147:38:153:Infinity:154:10:154:Infinity":21,"s:157:23:165:Infinity":60,"b:168:4:201:Infinity:190:11:201:Infinity":22,"s:168:4:201:Infinity":61,"s:169:21:169:Infinity":62,"s:170:26:170:Infinity":63,"b:171:8:175:Infinity:173:15:175:Infinity":23,"s:171:8:175:Infinity":64,"s:172:12:172:Infinity":65,"s:174:12:174:Infinity":66,"b:176:8:178:Infinity:undefined:undefined:undefined:undefined":24,"s:176:8:178:Infinity":67,"b:176:12:176:29:176:29:176:44":25,"s:177:12:177:Infinity":68,"s:180:8:189:Infinity":69,"s:191:20:191:Infinity":70,"s:192:8:200:Infinity":71,"f:204:16:204:32":7,"s:213:10:217:Infinity":72,"b:219:4:222:Infinity:undefined:undefined:undefined:undefined":26,"s:219:4:222:Infinity":73,"s:220:8:220:Infinity":74,"s:224:4:224:Infinity":75}}}
,"F:\\webdev\\DictThreeJs\\src\\Stores\\GameState.ts": {"path":"F:\\webdev\\DictThreeJs\\src\\Stores\\GameState.ts","statementMap":{"0":{"start":{"line":26,"column":29},"end":{"line":1085,"column":null}},"1":{"start":{"line":32,"column":18},"end":{"line":1085,"column":null}},"2":{"start":{"line":36,"column":44},"end":{"line":38,"column":null}},"3":{"start":{"line":36,"column":60},"end":{"line":38,"column":10}},"4":{"start":{"line":39,"column":33},"end":{"line":41,"column":null}},"5":{"start":{"line":39,"column":49},"end":{"line":41,"column":10}},"6":{"start":{"line":54,"column":16},"end":{"line":63,"column":null}},"7":{"start":{"line":54,"column":32},"end":{"line":63,"column":18}},"8":{"start":{"line":66,"column":16},"end":{"line":75,"column":null}},"9":{"start":{"line":66,"column":32},"end":{"line":75,"column":18}},"10":{"start":{"line":82,"column":20},"end":{"line":82,"column":null}},"11":{"start":{"line":84,"column":16},"end":{"line":84,"column":null}},"12":{"start":{"line":84,"column":50},"end":{"line":84,"column":null}},"13":{"start":{"line":86,"column":22},"end":{"line":86,"column":null}},"14":{"start":{"line":88,"column":16},"end":{"line":102,"column":null}},"15":{"start":{"line":88,"column":32},"end":{"line":102,"column":18}},"16":{"start":{"line":112,"column":12},"end":{"line":112,"column":null}},"17":{"start":{"line":112,"column":104},"end":{"line":112,"column":null}},"18":{"start":{"line":114,"column":36},"end":{"line":114,"column":null}},"19":{"start":{"line":116,"column":31},"end":{"line":116,"column":null}},"20":{"start":{"line":117,"column":54},"end":{"line":117,"column":null}},"21":{"start":{"line":118,"column":37},"end":{"line":118,"column":null}},"22":{"start":{"line":120,"column":12},"end":{"line":134,"column":null}},"23":{"start":{"line":121,"column":16},"end":{"line":121,"column":null}},"24":{"start":{"line":122,"column":12},"end":{"line":134,"column":null}},"25":{"start":{"line":123,"column":16},"end":{"line":123,"column":null}},"26":{"start":{"line":124,"column":12},"end":{"line":134,"column":null}},"27":{"start":{"line":125,"column":16},"end":{"line":125,"column":null}},"28":{"start":{"line":126,"column":16},"end":{"line":126,"column":null}},"29":{"start":{"line":127,"column":16},"end":{"line":127,"column":null}},"30":{"start":{"line":128,"column":12},"end":{"line":134,"column":null}},"31":{"start":{"line":129,"column":16},"end":{"line":129,"column":null}},"32":{"start":{"line":130,"column":29},"end":{"line":130,"column":null}},"33":{"start":{"line":131,"column":16},"end":{"line":131,"column":null}},"34":{"start":{"line":132,"column":16},"end":{"line":132,"column":null}},"35":{"start":{"line":133,"column":16},"end":{"line":133,"column":null}},"36":{"start":{"line":136,"column":12},"end":{"line":164,"column":null}},"37":{"start":{"line":137,"column":28},"end":{"line":137,"column":null}},"38":{"start":{"line":138,"column":56},"end":{"line":138,"column":null}},"39":{"start":{"line":139,"column":33},"end":{"line":139,"column":null}},"40":{"start":{"line":141,"column":16},"end":{"line":146,"column":null}},"41":{"start":{"line":142,"column":20},"end":{"line":142,"column":null}},"42":{"start":{"line":143,"column":16},"end":{"line":146,"column":null}},"43":{"start":{"line":144,"column":20},"end":{"line":144,"column":null}},"44":{"start":{"line":145,"column":20},"end":{"line":145,"column":null}},"45":{"start":{"line":148,"column":16},"end":{"line":163,"column":null}},"46":{"start":{"line":173,"column":12},"end":{"line":188,"column":null}},"47":{"start":{"line":174,"column":36},"end":{"line":174,"column":null}},"48":{"start":{"line":175,"column":36},"end":{"line":183,"column":null}},"49":{"start":{"line":176,"column":20},"end":{"line":178,"column":null}},"50":{"start":{"line":177,"column":24},"end":{"line":177,"column":null}},"51":{"start":{"line":179,"column":20},"end":{"line":181,"column":null}},"52":{"start":{"line":180,"column":24},"end":{"line":180,"column":null}},"53":{"start":{"line":182,"column":20},"end":{"line":182,"column":null}},"54":{"start":{"line":184,"column":32},"end":{"line":184,"column":null}},"55":{"start":{"line":185,"column":16},"end":{"line":185,"column":null}},"56":{"start":{"line":185,"column":30},"end":{"line":185,"column":null}},"57":{"start":{"line":186,"column":16},"end":{"line":186,"column":null}},"58":{"start":{"line":187,"column":16},"end":{"line":187,"column":null}},"59":{"start":{"line":191,"column":26},"end":{"line":191,"column":null}},"60":{"start":{"line":192,"column":28},"end":{"line":192,"column":null}},"61":{"start":{"line":193,"column":12},"end":{"line":193,"column":null}},"62":{"start":{"line":193,"column":26},"end":{"line":193,"column":null}},"63":{"start":{"line":194,"column":12},"end":{"line":194,"column":null}},"64":{"start":{"line":195,"column":12},"end":{"line":201,"column":null}},"65":{"start":{"line":195,"column":24},"end":{"line":201,"column":14}},"66":{"start":{"line":212,"column":26},"end":{"line":212,"column":null}},"67":{"start":{"line":213,"column":28},"end":{"line":213,"column":null}},"68":{"start":{"line":214,"column":12},"end":{"line":214,"column":null}},"69":{"start":{"line":214,"column":26},"end":{"line":214,"column":null}},"70":{"start":{"line":215,"column":27},"end":{"line":215,"column":null}},"71":{"start":{"line":216,"column":26},"end":{"line":216,"column":null}},"72":{"start":{"line":217,"column":12},"end":{"line":217,"column":null}},"73":{"start":{"line":218,"column":12},"end":{"line":229,"column":null}},"74":{"start":{"line":218,"column":24},"end":{"line":229,"column":14}},"75":{"start":{"line":237,"column":26},"end":{"line":237,"column":null}},"76":{"start":{"line":238,"column":26},"end":{"line":238,"column":null}},"77":{"start":{"line":239,"column":12},"end":{"line":239,"column":null}},"78":{"start":{"line":239,"column":55},"end":{"line":239,"column":null}},"79":{"start":{"line":241,"column":27},"end":{"line":241,"column":null}},"80":{"start":{"line":242,"column":27},"end":{"line":242,"column":null}},"81":{"start":{"line":245,"column":32},"end":{"line":245,"column":null}},"82":{"start":{"line":248,"column":33},"end":{"line":248,"column":null}},"83":{"start":{"line":249,"column":13},"end":{"line":258,"column":null}},"84":{"start":{"line":250,"column":30},"end":{"line":250,"column":null}},"85":{"start":{"line":251,"column":16},"end":{"line":257,"column":null}},"86":{"start":{"line":252,"column":20},"end":{"line":256,"column":null}},"87":{"start":{"line":260,"column":34},"end":{"line":260,"column":null}},"88":{"start":{"line":261,"column":12},"end":{"line":275,"column":null}},"89":{"start":{"line":261,"column":24},"end":{"line":275,"column":14}},"90":{"start":{"line":284,"column":26},"end":{"line":284,"column":null}},"91":{"start":{"line":285,"column":30},"end":{"line":285,"column":null}},"92":{"start":{"line":286,"column":12},"end":{"line":286,"column":null}},"93":{"start":{"line":286,"column":59},"end":{"line":286,"column":null}},"94":{"start":{"line":288,"column":27},"end":{"line":288,"column":null}},"95":{"start":{"line":289,"column":30},"end":{"line":289,"column":null}},"96":{"start":{"line":292,"column":30},"end":{"line":292,"column":null}},"97":{"start":{"line":295,"column":33},"end":{"line":295,"column":null}},"98":{"start":{"line":296,"column":13},"end":{"line":305,"column":null}},"99":{"start":{"line":297,"column":30},"end":{"line":297,"column":null}},"100":{"start":{"line":298,"column":16},"end":{"line":304,"column":null}},"101":{"start":{"line":299,"column":20},"end":{"line":303,"column":null}},"102":{"start":{"line":308,"column":32},"end":{"line":308,"column":null}},"103":{"start":{"line":309,"column":12},"end":{"line":321,"column":null}},"104":{"start":{"line":310,"column":16},"end":{"line":310,"column":null}},"105":{"start":{"line":312,"column":16},"end":{"line":320,"column":null}},"106":{"start":{"line":313,"column":44},"end":{"line":313,"column":null}},"107":{"start":{"line":314,"column":26},"end":{"line":314,"column":null}},"108":{"start":{"line":315,"column":20},"end":{"line":319,"column":null}},"109":{"start":{"line":323,"column":35},"end":{"line":323,"column":null}},"110":{"start":{"line":324,"column":12},"end":{"line":339,"column":null}},"111":{"start":{"line":324,"column":24},"end":{"line":339,"column":14}},"112":{"start":{"line":346,"column":26},"end":{"line":346,"column":null}},"113":{"start":{"line":347,"column":32},"end":{"line":347,"column":null}},"114":{"start":{"line":348,"column":33},"end":{"line":348,"column":null}},"115":{"start":{"line":349,"column":54},"end":{"line":353,"column":null}},"116":{"start":{"line":354,"column":12},"end":{"line":377,"column":null}},"117":{"start":{"line":355,"column":40},"end":{"line":355,"column":null}},"118":{"start":{"line":356,"column":16},"end":{"line":356,"column":null}},"119":{"start":{"line":356,"column":38},"end":{"line":356,"column":null}},"120":{"start":{"line":357,"column":29},"end":{"line":357,"column":null}},"121":{"start":{"line":358,"column":16},"end":{"line":358,"column":null}},"122":{"start":{"line":358,"column":50},"end":{"line":358,"column":null}},"123":{"start":{"line":359,"column":16},"end":{"line":366,"column":null}},"124":{"start":{"line":360,"column":26},"end":{"line":360,"column":null}},"125":{"start":{"line":361,"column":20},"end":{"line":365,"column":null}},"126":{"start":{"line":368,"column":32},"end":{"line":368,"column":null}},"127":{"start":{"line":369,"column":16},"end":{"line":369,"column":null}},"128":{"start":{"line":369,"column":72},"end":{"line":369,"column":null}},"129":{"start":{"line":370,"column":16},"end":{"line":370,"column":null}},"130":{"start":{"line":370,"column":57},"end":{"line":370,"column":null}},"131":{"start":{"line":371,"column":34},"end":{"line":371,"column":null}},"132":{"start":{"line":372,"column":16},"end":{"line":372,"column":null}},"133":{"start":{"line":373,"column":16},"end":{"line":376,"column":null}},"134":{"start":{"line":373,"column":28},"end":{"line":376,"column":18}},"135":{"start":{"line":386,"column":26},"end":{"line":386,"column":null}},"136":{"start":{"line":387,"column":12},"end":{"line":387,"column":null}},"137":{"start":{"line":387,"column":74},"end":{"line":387,"column":null}},"138":{"start":{"line":388,"column":29},"end":{"line":388,"column":null}},"139":{"start":{"line":389,"column":31},"end":{"line":389,"column":null}},"140":{"start":{"line":390,"column":18},"end":{"line":390,"column":null}},"141":{"start":{"line":391,"column":28},"end":{"line":391,"column":null}},"142":{"start":{"line":392,"column":78},"end":{"line":405,"column":null}},"143":{"start":{"line":406,"column":30},"end":{"line":406,"column":null}},"144":{"start":{"line":407,"column":12},"end":{"line":410,"column":null}},"145":{"start":{"line":407,"column":24},"end":{"line":410,"column":14}},"146":{"start":{"line":444,"column":12},"end":{"line":535,"column":null}},"147":{"start":{"line":445,"column":16},"end":{"line":534,"column":null}},"148":{"start":{"line":446,"column":38},"end":{"line":446,"column":null}},"149":{"start":{"line":447,"column":39},"end":{"line":447,"column":null}},"150":{"start":{"line":448,"column":26},"end":{"line":448,"column":null}},"151":{"start":{"line":449,"column":26},"end":{"line":449,"column":null}},"152":{"start":{"line":450,"column":20},"end":{"line":450,"column":null}},"153":{"start":{"line":450,"column":35},"end":{"line":450,"column":null}},"154":{"start":{"line":451,"column":20},"end":{"line":451,"column":null}},"155":{"start":{"line":451,"column":36},"end":{"line":451,"column":null}},"156":{"start":{"line":453,"column":20},"end":{"line":533,"column":null}},"157":{"start":{"line":537,"column":12},"end":{"line":542,"column":null}},"158":{"start":{"line":537,"column":35},"end":{"line":542,"column":14}},"159":{"start":{"line":547,"column":16},"end":{"line":559,"column":null}},"160":{"start":{"line":548,"column":38},"end":{"line":548,"column":null}},"161":{"start":{"line":549,"column":26},"end":{"line":549,"column":null}},"162":{"start":{"line":550,"column":20},"end":{"line":558,"column":null}},"163":{"start":{"line":563,"column":26},"end":{"line":563,"column":null}},"164":{"start":{"line":564,"column":18},"end":{"line":564,"column":null}},"165":{"start":{"line":567,"column":12},"end":{"line":607,"column":null}},"166":{"start":{"line":568,"column":30},"end":{"line":568,"column":null}},"167":{"start":{"line":569,"column":32},"end":{"line":569,"column":null}},"168":{"start":{"line":570,"column":39},"end":{"line":570,"column":null}},"169":{"start":{"line":571,"column":37},"end":{"line":571,"column":null}},"170":{"start":{"line":572,"column":35},"end":{"line":575,"column":null}},"171":{"start":{"line":573,"column":36},"end":{"line":573,"column":69}},"172":{"start":{"line":575,"column":33},"end":{"line":575,"column":55}},"173":{"start":{"line":576,"column":16},"end":{"line":578,"column":null}},"174":{"start":{"line":577,"column":20},"end":{"line":577,"column":null}},"175":{"start":{"line":579,"column":22},"end":{"line":583,"column":null}},"176":{"start":{"line":584,"column":16},"end":{"line":595,"column":null}},"177":{"start":{"line":584,"column":28},"end":{"line":595,"column":18}},"178":{"start":{"line":597,"column":16},"end":{"line":606,"column":null}},"179":{"start":{"line":597,"column":28},"end":{"line":606,"column":18}},"180":{"start":{"line":611,"column":12},"end":{"line":611,"column":null}},"181":{"start":{"line":611,"column":61},"end":{"line":611,"column":null}},"182":{"start":{"line":612,"column":12},"end":{"line":612,"column":null}},"183":{"start":{"line":612,"column":24},"end":{"line":612,"column":95}},"184":{"start":{"line":615,"column":54},"end":{"line":615,"column":null}},"185":{"start":{"line":616,"column":12},"end":{"line":616,"column":null}},"186":{"start":{"line":616,"column":40},"end":{"line":616,"column":null}},"187":{"start":{"line":617,"column":24},"end":{"line":617,"column":null}},"188":{"start":{"line":618,"column":33},"end":{"line":618,"column":null}},"189":{"start":{"line":619,"column":12},"end":{"line":619,"column":null}},"190":{"start":{"line":619,"column":24},"end":{"line":619,"column":119}},"191":{"start":{"line":622,"column":35},"end":{"line":624,"column":null}},"192":{"start":{"line":622,"column":47},"end":{"line":624,"column":10}},"193":{"start":{"line":625,"column":40},"end":{"line":627,"column":null}},"194":{"start":{"line":625,"column":52},"end":{"line":627,"column":10}},"195":{"start":{"line":629,"column":26},"end":{"line":629,"column":null}},"196":{"start":{"line":632,"column":18},"end":{"line":632,"column":null}},"197":{"start":{"line":633,"column":30},"end":{"line":633,"column":null}},"198":{"start":{"line":636,"column":38},"end":{"line":640,"column":null}},"199":{"start":{"line":643,"column":46},"end":{"line":643,"column":null}},"200":{"start":{"line":646,"column":42},"end":{"line":646,"column":null}},"201":{"start":{"line":647,"column":30},"end":{"line":647,"column":null}},"202":{"start":{"line":648,"column":12},"end":{"line":652,"column":null}},"203":{"start":{"line":649,"column":16},"end":{"line":649,"column":null}},"204":{"start":{"line":650,"column":16},"end":{"line":650,"column":null}},"205":{"start":{"line":651,"column":16},"end":{"line":651,"column":null}},"206":{"start":{"line":653,"column":12},"end":{"line":657,"column":null}},"207":{"start":{"line":654,"column":16},"end":{"line":654,"column":null}},"208":{"start":{"line":655,"column":16},"end":{"line":655,"column":null}},"209":{"start":{"line":656,"column":16},"end":{"line":656,"column":null}},"210":{"start":{"line":660,"column":33},"end":{"line":660,"column":null}},"211":{"start":{"line":661,"column":44},"end":{"line":661,"column":null}},"212":{"start":{"line":662,"column":12},"end":{"line":669,"column":null}},"213":{"start":{"line":663,"column":16},"end":{"line":667,"column":null}},"214":{"start":{"line":668,"column":16},"end":{"line":668,"column":null}},"215":{"start":{"line":672,"column":39},"end":{"line":672,"column":null}},"216":{"start":{"line":673,"column":12},"end":{"line":676,"column":null}},"217":{"start":{"line":674,"column":32},"end":{"line":674,"column":null}},"218":{"start":{"line":675,"column":16},"end":{"line":675,"column":null}},"219":{"start":{"line":677,"column":12},"end":{"line":679,"column":null}},"220":{"start":{"line":678,"column":16},"end":{"line":678,"column":null}},"221":{"start":{"line":680,"column":12},"end":{"line":685,"column":null}},"222":{"start":{"line":681,"column":16},"end":{"line":684,"column":null}},"223":{"start":{"line":686,"column":12},"end":{"line":686,"column":null}},"224":{"start":{"line":687,"column":12},"end":{"line":687,"column":null}},"225":{"start":{"line":688,"column":12},"end":{"line":689,"column":null}},"226":{"start":{"line":688,"column":69},"end":{"line":688,"column":null}},"227":{"start":{"line":688,"column":108},"end":{"line":689,"column":null}},"228":{"start":{"line":689,"column":74},"end":{"line":689,"column":null}},"229":{"start":{"line":690,"column":27},"end":{"line":690,"column":null}},"230":{"start":{"line":693,"column":29},"end":{"line":693,"column":null}},"231":{"start":{"line":694,"column":37},"end":{"line":708,"column":null}},"232":{"start":{"line":694,"column":67},"end":{"line":708,"column":null}},"233":{"start":{"line":709,"column":18},"end":{"line":709,"column":null}},"234":{"start":{"line":712,"column":32},"end":{"line":720,"column":null}},"235":{"start":{"line":713,"column":16},"end":{"line":715,"column":null}},"236":{"start":{"line":714,"column":20},"end":{"line":714,"column":null}},"237":{"start":{"line":716,"column":16},"end":{"line":718,"column":null}},"238":{"start":{"line":717,"column":20},"end":{"line":717,"column":null}},"239":{"start":{"line":719,"column":16},"end":{"line":719,"column":null}},"240":{"start":{"line":723,"column":31},"end":{"line":723,"column":null}},"241":{"start":{"line":724,"column":32},"end":{"line":724,"column":null}},"242":{"start":{"line":724,"column":80},"end":{"line":724,"column":122}},"243":{"start":{"line":726,"column":12},"end":{"line":748,"column":null}},"244":{"start":{"line":727,"column":16},"end":{"line":746,"column":null}},"245":{"start":{"line":727,"column":28},"end":{"line":746,"column":18}},"246":{"start":{"line":747,"column":16},"end":{"line":747,"column":null}},"247":{"start":{"line":750,"column":12},"end":{"line":772,"column":null}},"248":{"start":{"line":751,"column":16},"end":{"line":770,"column":null}},"249":{"start":{"line":751,"column":28},"end":{"line":770,"column":18}},"250":{"start":{"line":771,"column":16},"end":{"line":771,"column":null}},"251":{"start":{"line":774,"column":12},"end":{"line":796,"column":null}},"252":{"start":{"line":775,"column":16},"end":{"line":794,"column":null}},"253":{"start":{"line":775,"column":28},"end":{"line":794,"column":18}},"254":{"start":{"line":795,"column":16},"end":{"line":795,"column":null}},"255":{"start":{"line":799,"column":12},"end":{"line":801,"column":null}},"256":{"start":{"line":800,"column":16},"end":{"line":800,"column":null}},"257":{"start":{"line":804,"column":35},"end":{"line":806,"column":null}},"258":{"start":{"line":805,"column":21},"end":{"line":805,"column":null}},"259":{"start":{"line":807,"column":53},"end":{"line":807,"column":null}},"260":{"start":{"line":808,"column":12},"end":{"line":813,"column":null}},"261":{"start":{"line":809,"column":31},"end":{"line":809,"column":null}},"262":{"start":{"line":810,"column":16},"end":{"line":812,"column":null}},"263":{"start":{"line":811,"column":20},"end":{"line":811,"column":null}},"264":{"start":{"line":816,"column":34},"end":{"line":816,"column":null}},"265":{"start":{"line":816,"column":60},"end":{"line":816,"column":80}},"266":{"start":{"line":817,"column":12},"end":{"line":858,"column":null}},"267":{"start":{"line":818,"column":41},"end":{"line":820,"column":null}},"268":{"start":{"line":821,"column":22},"end":{"line":821,"column":null}},"269":{"start":{"line":822,"column":37},"end":{"line":822,"column":null}},"270":{"start":{"line":823,"column":16},"end":{"line":823,"column":null}},"271":{"start":{"line":823,"column":32},"end":{"line":823,"column":null}},"272":{"start":{"line":824,"column":36},"end":{"line":824,"column":null}},"273":{"start":{"line":825,"column":34},"end":{"line":825,"column":null}},"274":{"start":{"line":826,"column":16},"end":{"line":826,"column":null}},"275":{"start":{"line":826,"column":31},"end":{"line":826,"column":null}},"276":{"start":{"line":828,"column":16},"end":{"line":856,"column":null}},"277":{"start":{"line":828,"column":28},"end":{"line":856,"column":18}},"278":{"start":{"line":857,"column":16},"end":{"line":857,"column":null}},"279":{"start":{"line":861,"column":18},"end":{"line":861,"column":null}},"280":{"start":{"line":862,"column":40},"end":{"line":864,"column":null}},"281":{"start":{"line":866,"column":35},"end":{"line":868,"column":null}},"282":{"start":{"line":869,"column":18},"end":{"line":869,"column":null}},"283":{"start":{"line":870,"column":33},"end":{"line":870,"column":null}},"284":{"start":{"line":871,"column":12},"end":{"line":871,"column":null}},"285":{"start":{"line":871,"column":28},"end":{"line":871,"column":null}},"286":{"start":{"line":872,"column":32},"end":{"line":872,"column":null}},"287":{"start":{"line":873,"column":30},"end":{"line":873,"column":null}},"288":{"start":{"line":874,"column":12},"end":{"line":874,"column":null}},"289":{"start":{"line":874,"column":27},"end":{"line":874,"column":null}},"290":{"start":{"line":876,"column":12},"end":{"line":904,"column":null}},"291":{"start":{"line":876,"column":24},"end":{"line":904,"column":14}},"292":{"start":{"line":907,"column":12},"end":{"line":907,"column":null}},"293":{"start":{"line":910,"column":23},"end":{"line":910,"column":null}},"294":{"start":{"line":911,"column":32},"end":{"line":911,"column":null}},"295":{"start":{"line":912,"column":35},"end":{"line":912,"column":null}},"296":{"start":{"line":913,"column":29},"end":{"line":913,"column":null}},"297":{"start":{"line":914,"column":31},"end":{"line":914,"column":null}},"298":{"start":{"line":915,"column":30},"end":{"line":915,"column":null}},"299":{"start":{"line":918,"column":32},"end":{"line":918,"column":null}},"300":{"start":{"line":919,"column":32},"end":{"line":919,"column":null}},"301":{"start":{"line":919,"column":81},"end":{"line":919,"column":100}},"302":{"start":{"line":920,"column":33},"end":{"line":920,"column":null}},"303":{"start":{"line":921,"column":33},"end":{"line":921,"column":null}},"304":{"start":{"line":921,"column":84},"end":{"line":921,"column":104}},"305":{"start":{"line":923,"column":12},"end":{"line":985,"column":null}},"306":{"start":{"line":923,"column":24},"end":{"line":985,"column":14}},"307":{"start":{"line":990,"column":37},"end":{"line":995,"column":null}},"308":{"start":{"line":990,"column":53},"end":{"line":995,"column":10}},"309":{"start":{"line":998,"column":62},"end":{"line":1028,"column":null}},"310":{"start":{"line":999,"column":89},"end":{"line":999,"column":null}},"311":{"start":{"line":1000,"column":18},"end":{"line":1004,"column":null}},"312":{"start":{"line":1005,"column":12},"end":{"line":1027,"column":null}},"313":{"start":{"line":1035,"column":12},"end":{"line":1040,"column":null}},"314":{"start":{"line":1035,"column":28},"end":{"line":1040,"column":14}},"315":{"start":{"line":1043,"column":12},"end":{"line":1055,"column":null}},"316":{"start":{"line":1044,"column":35},"end":{"line":1044,"column":null}},"317":{"start":{"line":1045,"column":44},"end":{"line":1045,"column":null}},"318":{"start":{"line":1047,"column":16},"end":{"line":1054,"column":null}},"319":{"start":{"line":1060,"column":24},"end":{"line":1060,"column":null}},"320":{"start":{"line":1060,"column":36},"end":{"line":1060,"column":82}},"321":{"start":{"line":1061,"column":26},"end":{"line":1061,"column":null}},"322":{"start":{"line":1061,"column":38},"end":{"line":1061,"column":85}},"323":{"start":{"line":1070,"column":12},"end":{"line":1082,"column":null}},"324":{"start":{"line":1071,"column":22},"end":{"line":1075,"column":null}},"325":{"start":{"line":1076,"column":16},"end":{"line":1081,"column":null}},"326":{"start":{"line":1087,"column":13},"end":{"line":1087,"column":null}},"327":{"start":{"line":1087,"column":60},"end":{"line":1087,"column":87}}},"fnMap":{"0":{"name":"(anonymous_0)","decl":{"start":{"line":26,"column":29},"end":{"line":26,"column":30}},"loc":{"start":{"line":32,"column":18},"end":{"line":1085,"column":null}},"line":32},"1":{"name":"(anonymous_1)","decl":{"start":{"line":36,"column":22},"end":{"line":36,"column":23}},"loc":{"start":{"line":36,"column":44},"end":{"line":38,"column":null}},"line":36},"2":{"name":"(anonymous_2)","decl":{"start":{"line":36,"column":48},"end":{"line":36,"column":49}},"loc":{"start":{"line":36,"column":60},"end":{"line":38,"column":10}},"line":36},"3":{"name":"(anonymous_3)","decl":{"start":{"line":39,"column":16},"end":{"line":39,"column":17}},"loc":{"start":{"line":39,"column":33},"end":{"line":41,"column":null}},"line":39},"4":{"name":"(anonymous_4)","decl":{"start":{"line":39,"column":37},"end":{"line":39,"column":38}},"loc":{"start":{"line":39,"column":49},"end":{"line":41,"column":10}},"line":39},"5":{"name":"(anonymous_5)","decl":{"start":{"line":53,"column":26},"end":{"line":53,"column":27}},"loc":{"start":{"line":54,"column":16},"end":{"line":63,"column":null}},"line":54},"6":{"name":"(anonymous_6)","decl":{"start":{"line":54,"column":20},"end":{"line":54,"column":21}},"loc":{"start":{"line":54,"column":32},"end":{"line":63,"column":18}},"line":54},"7":{"name":"(anonymous_7)","decl":{"start":{"line":65,"column":32},"end":{"line":65,"column":33}},"loc":{"start":{"line":66,"column":16},"end":{"line":75,"column":null}},"line":66},"8":{"name":"(anonymous_8)","decl":{"start":{"line":66,"column":20},"end":{"line":66,"column":21}},"loc":{"start":{"line":66,"column":32},"end":{"line":75,"column":18}},"line":66},"9":{"name":"(anonymous_9)","decl":{"start":{"line":77,"column":25},"end":{"line":77,"column":31}},"loc":{"start":{"line":77,"column":31},"end":{"line":103,"column":null}},"line":77},"10":{"name":"(anonymous_10)","decl":{"start":{"line":88,"column":20},"end":{"line":88,"column":21}},"loc":{"start":{"line":88,"column":32},"end":{"line":102,"column":18}},"line":88},"11":{"name":"(anonymous_11)","decl":{"start":{"line":110,"column":22},"end":{"line":110,"column":23}},"loc":{"start":{"line":110,"column":37},"end":{"line":165,"column":null}},"line":110},"12":{"name":"(anonymous_12)","decl":{"start":{"line":136,"column":16},"end":{"line":136,"column":17}},"loc":{"start":{"line":136,"column":23},"end":{"line":164,"column":13}},"line":136},"13":{"name":"(anonymous_13)","decl":{"start":{"line":172,"column":17},"end":{"line":172,"column":23}},"loc":{"start":{"line":172,"column":23},"end":{"line":189,"column":null}},"line":172},"14":{"name":"(anonymous_14)","decl":{"start":{"line":173,"column":16},"end":{"line":173,"column":17}},"loc":{"start":{"line":173,"column":27},"end":{"line":188,"column":13}},"line":173},"15":{"name":"(anonymous_15)","decl":{"start":{"line":175,"column":36},"end":{"line":175,"column":37}},"loc":{"start":{"line":175,"column":76},"end":{"line":183,"column":null}},"line":175},"16":{"name":"(anonymous_16)","decl":{"start":{"line":190,"column":20},"end":{"line":190,"column":21}},"loc":{"start":{"line":190,"column":46},"end":{"line":202,"column":null}},"line":190},"17":{"name":"(anonymous_17)","decl":{"start":{"line":195,"column":16},"end":{"line":195,"column":17}},"loc":{"start":{"line":195,"column":24},"end":{"line":201,"column":14}},"line":195},"18":{"name":"(anonymous_18)","decl":{"start":{"line":211,"column":21},"end":{"line":211,"column":22}},"loc":{"start":{"line":211,"column":47},"end":{"line":230,"column":null}},"line":211},"19":{"name":"(anonymous_19)","decl":{"start":{"line":218,"column":16},"end":{"line":218,"column":17}},"loc":{"start":{"line":218,"column":24},"end":{"line":229,"column":14}},"line":218},"20":{"name":"(anonymous_20)","decl":{"start":{"line":236,"column":17},"end":{"line":236,"column":18}},"loc":{"start":{"line":236,"column":42},"end":{"line":276,"column":null}},"line":236},"21":{"name":"(anonymous_21)","decl":{"start":{"line":249,"column":59},"end":{"line":249,"column":60}},"loc":{"start":{"line":249,"column":70},"end":{"line":258,"column":13}},"line":249},"22":{"name":"(anonymous_22)","decl":{"start":{"line":261,"column":16},"end":{"line":261,"column":17}},"loc":{"start":{"line":261,"column":24},"end":{"line":275,"column":14}},"line":261},"23":{"name":"(anonymous_23)","decl":{"start":{"line":283,"column":17},"end":{"line":283,"column":18}},"loc":{"start":{"line":283,"column":40},"end":{"line":340,"column":null}},"line":283},"24":{"name":"(anonymous_24)","decl":{"start":{"line":296,"column":59},"end":{"line":296,"column":60}},"loc":{"start":{"line":296,"column":70},"end":{"line":305,"column":13}},"line":296},"25":{"name":"(anonymous_25)","decl":{"start":{"line":324,"column":16},"end":{"line":324,"column":17}},"loc":{"start":{"line":324,"column":24},"end":{"line":339,"column":14}},"line":324},"26":{"name":"(anonymous_26)","decl":{"start":{"line":345,"column":13},"end":{"line":345,"column":14}},"loc":{"start":{"line":345,"column":35},"end":{"line":378,"column":null}},"line":345},"27":{"name":"(anonymous_27)","decl":{"start":{"line":359,"column":20},"end":{"line":359,"column":21}},"loc":{"start":{"line":359,"column":27},"end":{"line":366,"column":17}},"line":359},"28":{"name":"(anonymous_28)","decl":{"start":{"line":373,"column":20},"end":{"line":373,"column":21}},"loc":{"start":{"line":373,"column":28},"end":{"line":376,"column":18}},"line":373},"29":{"name":"(anonymous_29)","decl":{"start":{"line":385,"column":13},"end":{"line":385,"column":19}},"loc":{"start":{"line":385,"column":19},"end":{"line":411,"column":null}},"line":385},"30":{"name":"(anonymous_30)","decl":{"start":{"line":407,"column":16},"end":{"line":407,"column":17}},"loc":{"start":{"line":407,"column":24},"end":{"line":410,"column":14}},"line":407},"31":{"name":"(anonymous_31)","decl":{"start":{"line":443,"column":18},"end":{"line":443,"column":19}},"loc":{"start":{"line":443,"column":29},"end":{"line":543,"column":null}},"line":443},"32":{"name":"(anonymous_32)","decl":{"start":{"line":445,"column":27},"end":{"line":445,"column":28}},"loc":{"start":{"line":445,"column":38},"end":{"line":534,"column":17}},"line":445},"33":{"name":"(anonymous_33)","decl":{"start":{"line":537,"column":23},"end":{"line":537,"column":24}},"loc":{"start":{"line":537,"column":35},"end":{"line":542,"column":14}},"line":537},"34":{"name":"(anonymous_34)","decl":{"start":{"line":546,"column":28},"end":{"line":546,"column":29}},"loc":{"start":{"line":546,"column":48},"end":{"line":560,"column":null}},"line":546},"35":{"name":"(anonymous_35)","decl":{"start":{"line":547,"column":20},"end":{"line":547,"column":21}},"loc":{"start":{"line":547,"column":27},"end":{"line":559,"column":17}},"line":547},"36":{"name":"(anonymous_36)","decl":{"start":{"line":562,"column":21},"end":{"line":562,"column":27}},"loc":{"start":{"line":562,"column":27},"end":{"line":609,"column":null}},"line":562},"37":{"name":"(anonymous_37)","decl":{"start":{"line":573,"column":26},"end":{"line":573,"column":27}},"loc":{"start":{"line":573,"column":36},"end":{"line":573,"column":69}},"line":573},"38":{"name":"(anonymous_38)","decl":{"start":{"line":575,"column":28},"end":{"line":575,"column":33}},"loc":{"start":{"line":575,"column":33},"end":{"line":575,"column":55}},"line":575},"39":{"name":"(anonymous_39)","decl":{"start":{"line":576,"column":35},"end":{"line":576,"column":36}},"loc":{"start":{"line":576,"column":42},"end":{"line":578,"column":17}},"line":576},"40":{"name":"(anonymous_40)","decl":{"start":{"line":584,"column":20},"end":{"line":584,"column":21}},"loc":{"start":{"line":584,"column":28},"end":{"line":595,"column":18}},"line":584},"41":{"name":"(anonymous_41)","decl":{"start":{"line":597,"column":20},"end":{"line":597,"column":21}},"loc":{"start":{"line":597,"column":28},"end":{"line":606,"column":18}},"line":597},"42":{"name":"(anonymous_42)","decl":{"start":{"line":610,"column":20},"end":{"line":610,"column":26}},"loc":{"start":{"line":610,"column":26},"end":{"line":613,"column":null}},"line":610},"43":{"name":"(anonymous_43)","decl":{"start":{"line":612,"column":16},"end":{"line":612,"column":17}},"loc":{"start":{"line":612,"column":24},"end":{"line":612,"column":95}},"line":612},"44":{"name":"(anonymous_44)","decl":{"start":{"line":614,"column":21},"end":{"line":614,"column":27}},"loc":{"start":{"line":614,"column":27},"end":{"line":620,"column":null}},"line":614},"45":{"name":"(anonymous_45)","decl":{"start":{"line":619,"column":16},"end":{"line":619,"column":17}},"loc":{"start":{"line":619,"column":24},"end":{"line":619,"column":119}},"line":619},"46":{"name":"(anonymous_46)","decl":{"start":{"line":622,"column":29},"end":{"line":622,"column":35}},"loc":{"start":{"line":622,"column":35},"end":{"line":624,"column":null}},"line":622},"47":{"name":"(anonymous_47)","decl":{"start":{"line":622,"column":39},"end":{"line":622,"column":40}},"loc":{"start":{"line":622,"column":47},"end":{"line":624,"column":10}},"line":622},"48":{"name":"(anonymous_48)","decl":{"start":{"line":625,"column":34},"end":{"line":625,"column":40}},"loc":{"start":{"line":625,"column":40},"end":{"line":627,"column":null}},"line":625},"49":{"name":"(anonymous_49)","decl":{"start":{"line":625,"column":44},"end":{"line":625,"column":45}},"loc":{"start":{"line":625,"column":52},"end":{"line":627,"column":10}},"line":625},"50":{"name":"(anonymous_50)","decl":{"start":{"line":628,"column":19},"end":{"line":628,"column":25}},"loc":{"start":{"line":628,"column":25},"end":{"line":905,"column":null}},"line":628},"51":{"name":"(anonymous_51)","decl":{"start":{"line":694,"column":37},"end":{"line":694,"column":38}},"loc":{"start":{"line":694,"column":67},"end":{"line":708,"column":null}},"line":694},"52":{"name":"(anonymous_52)","decl":{"start":{"line":712,"column":32},"end":{"line":712,"column":33}},"loc":{"start":{"line":712,"column":72},"end":{"line":720,"column":null}},"line":712},"53":{"name":"(anonymous_53)","decl":{"start":{"line":724,"column":75},"end":{"line":724,"column":80}},"loc":{"start":{"line":724,"column":80},"end":{"line":724,"column":122}},"line":724},"54":{"name":"(anonymous_54)","decl":{"start":{"line":727,"column":20},"end":{"line":727,"column":21}},"loc":{"start":{"line":727,"column":28},"end":{"line":746,"column":18}},"line":727},"55":{"name":"(anonymous_55)","decl":{"start":{"line":751,"column":20},"end":{"line":751,"column":21}},"loc":{"start":{"line":751,"column":28},"end":{"line":770,"column":18}},"line":751},"56":{"name":"(anonymous_56)","decl":{"start":{"line":775,"column":20},"end":{"line":775,"column":21}},"loc":{"start":{"line":775,"column":28},"end":{"line":794,"column":18}},"line":775},"57":{"name":"(anonymous_57)","decl":{"start":{"line":799,"column":46},"end":{"line":799,"column":57}},"loc":{"start":{"line":799,"column":57},"end":{"line":801,"column":13}},"line":799},"58":{"name":"(anonymous_58)","decl":{"start":{"line":805,"column":16},"end":{"line":805,"column":21}},"loc":{"start":{"line":805,"column":21},"end":{"line":805,"column":null}},"line":805},"59":{"name":"(anonymous_59)","decl":{"start":{"line":810,"column":60},"end":{"line":810,"column":61}},"loc":{"start":{"line":811,"column":20},"end":{"line":811,"column":null}},"line":811},"60":{"name":"(anonymous_60)","decl":{"start":{"line":816,"column":55},"end":{"line":816,"column":60}},"loc":{"start":{"line":816,"column":60},"end":{"line":816,"column":80}},"line":816},"61":{"name":"(anonymous_61)","decl":{"start":{"line":828,"column":20},"end":{"line":828,"column":21}},"loc":{"start":{"line":828,"column":28},"end":{"line":856,"column":18}},"line":828},"62":{"name":"(anonymous_62)","decl":{"start":{"line":876,"column":16},"end":{"line":876,"column":17}},"loc":{"start":{"line":876,"column":24},"end":{"line":904,"column":14}},"line":876},"63":{"name":"(anonymous_63)","decl":{"start":{"line":906,"column":18},"end":{"line":906,"column":24}},"loc":{"start":{"line":906,"column":24},"end":{"line":908,"column":null}},"line":906},"64":{"name":"(anonymous_64)","decl":{"start":{"line":909,"column":18},"end":{"line":909,"column":19}},"loc":{"start":{"line":909,"column":53},"end":{"line":986,"column":null}},"line":909},"65":{"name":"(anonymous_65)","decl":{"start":{"line":919,"column":76},"end":{"line":919,"column":81}},"loc":{"start":{"line":919,"column":81},"end":{"line":919,"column":100}},"line":919},"66":{"name":"(anonymous_66)","decl":{"start":{"line":921,"column":79},"end":{"line":921,"column":84}},"loc":{"start":{"line":921,"column":84},"end":{"line":921,"column":104}},"line":921},"67":{"name":"(anonymous_67)","decl":{"start":{"line":923,"column":16},"end":{"line":923,"column":17}},"loc":{"start":{"line":923,"column":24},"end":{"line":985,"column":14}},"line":923},"68":{"name":"(anonymous_68)","decl":{"start":{"line":990,"column":26},"end":{"line":990,"column":27}},"loc":{"start":{"line":990,"column":37},"end":{"line":995,"column":null}},"line":990},"69":{"name":"(anonymous_69)","decl":{"start":{"line":990,"column":41},"end":{"line":990,"column":42}},"loc":{"start":{"line":990,"column":53},"end":{"line":995,"column":10}},"line":990},"70":{"name":"(anonymous_70)","decl":{"start":{"line":998,"column":20},"end":{"line":998,"column":21}},"loc":{"start":{"line":998,"column":62},"end":{"line":1028,"column":null}},"line":998},"71":{"name":"(anonymous_71)","decl":{"start":{"line":998,"column":66},"end":{"line":998,"column":67}},"loc":{"start":{"line":998,"column":77},"end":{"line":1028,"column":9}},"line":998},"72":{"name":"(anonymous_72)","decl":{"start":{"line":1034,"column":24},"end":{"line":1034,"column":25}},"loc":{"start":{"line":1034,"column":44},"end":{"line":1041,"column":null}},"line":1034},"73":{"name":"(anonymous_73)","decl":{"start":{"line":1035,"column":16},"end":{"line":1035,"column":17}},"loc":{"start":{"line":1035,"column":28},"end":{"line":1040,"column":14}},"line":1035},"74":{"name":"(anonymous_74)","decl":{"start":{"line":1042,"column":26},"end":{"line":1042,"column":27}},"loc":{"start":{"line":1042,"column":72},"end":{"line":1056,"column":null}},"line":1042},"75":{"name":"(anonymous_75)","decl":{"start":{"line":1043,"column":16},"end":{"line":1043,"column":17}},"loc":{"start":{"line":1043,"column":38},"end":{"line":1055,"column":13}},"line":1043},"76":{"name":"(anonymous_76)","decl":{"start":{"line":1060,"column":18},"end":{"line":1060,"column":24}},"loc":{"start":{"line":1060,"column":24},"end":{"line":1060,"column":null}},"line":1060},"77":{"name":"(anonymous_77)","decl":{"start":{"line":1060,"column":28},"end":{"line":1060,"column":29}},"loc":{"start":{"line":1060,"column":36},"end":{"line":1060,"column":82}},"line":1060},"78":{"name":"(anonymous_78)","decl":{"start":{"line":1061,"column":20},"end":{"line":1061,"column":26}},"loc":{"start":{"line":1061,"column":26},"end":{"line":1061,"column":null}},"line":1061},"79":{"name":"(anonymous_79)","decl":{"start":{"line":1061,"column":30},"end":{"line":1061,"column":31}},"loc":{"start":{"line":1061,"column":38},"end":{"line":1061,"column":85}},"line":1061},"80":{"name":"(anonymous_80)","decl":{"start":{"line":1069,"column":25},"end":{"line":1069,"column":26}},"loc":{"start":{"line":1069,"column":59},"end":{"line":1083,"column":null}},"line":1069},"81":{"name":"(anonymous_81)","decl":{"start":{"line":1070,"column":16},"end":{"line":1070,"column":17}},"loc":{"start":{"line":1070,"column":27},"end":{"line":1082,"column":13}},"line":1070},"82":{"name":"(anonymous_82)","decl":{"start":{"line":1087,"column":46},"end":{"line":1087,"column":47}},"loc":{"start":{"line":1087,"column":60},"end":{"line":1087,"column":87}},"line":1087}},"branchMap":{"0":{"loc":{"start":{"line":72,"column":43},"end":{"line":72,"column":null}},"type":"binary-expr","locations":[{"start":{"line":72,"column":43},"end":{"line":72,"column":54}},{"start":{"line":72,"column":54},"end":{"line":72,"column":null}}],"line":72},"1":{"loc":{"start":{"line":84,"column":16},"end":{"line":84,"column":null}},"type":"if","locations":[{"start":{"line":84,"column":16},"end":{"line":84,"column":null}},{"start":{},"end":{}}],"line":84},"2":{"loc":{"start":{"line":112,"column":12},"end":{"line":112,"column":null}},"type":"if","locations":[{"start":{"line":112,"column":12},"end":{"line":112,"column":null}},{"start":{},"end":{}}],"line":112},"3":{"loc":{"start":{"line":112,"column":16},"end":{"line":112,"column":104}},"type":"binary-expr","locations":[{"start":{"line":112,"column":16},"end":{"line":112,"column":41}},{"start":{"line":112,"column":41},"end":{"line":112,"column":64}},{"start":{"line":112,"column":64},"end":{"line":112,"column":85}},{"start":{"line":112,"column":85},"end":{"line":112,"column":104}}],"line":112},"4":{"loc":{"start":{"line":120,"column":12},"end":{"line":134,"column":null}},"type":"if","locations":[{"start":{"line":120,"column":12},"end":{"line":134,"column":null}},{"start":{"line":122,"column":12},"end":{"line":134,"column":null}}],"line":120},"5":{"loc":{"start":{"line":122,"column":12},"end":{"line":134,"column":null}},"type":"if","locations":[{"start":{"line":122,"column":12},"end":{"line":134,"column":null}},{"start":{"line":124,"column":12},"end":{"line":134,"column":null}}],"line":122},"6":{"loc":{"start":{"line":124,"column":12},"end":{"line":134,"column":null}},"type":"if","locations":[{"start":{"line":124,"column":12},"end":{"line":134,"column":null}},{"start":{"line":128,"column":12},"end":{"line":134,"column":null}}],"line":124},"7":{"loc":{"start":{"line":128,"column":12},"end":{"line":134,"column":null}},"type":"if","locations":[{"start":{"line":128,"column":12},"end":{"line":134,"column":null}},{"start":{},"end":{}}],"line":128},"8":{"loc":{"start":{"line":141,"column":16},"end":{"line":146,"column":null}},"type":"if","locations":[{"start":{"line":141,"column":16},"end":{"line":146,"column":null}},{"start":{"line":143,"column":16},"end":{"line":146,"column":null}}],"line":141},"9":{"loc":{"start":{"line":141,"column":20},"end":{"line":
[...]
,"F:\\webdev\\DictThreeJs\\src\\Stores\\RecurringHandler.ts": {"path":"F:\\webdev\\DictThreeJs\\src\\Stores\\RecurringHandler.ts","statementMap":{"0":{"start":{"line":26,"column":4},"end":{"line":26,"column":null}},"1":{"start":{"line":26,"column":31},"end":{"line":26,"column":null}},"2":{"start":{"line":28,"column":21},"end":{"line":28,"column":null}},"3":{"start":{"line":29,"column":4},"end":{"line":29,"column":null}},"4":{"start":{"line":29,"column":26},"end":{"line":29,"column":49}},"5":{"start":{"line":29,"column":52},"end":{"line":29,"column":null}},"6":{"start":{"line":33,"column":33},"end":{"line":33,"column":null}},"7":{"start":{"line":35,"column":4},"end":{"line":46,"column":null}}},"fnMap":{"0":{"name":"withRecurringEffect","decl":{"start":{"line":15,"column":16},"end":{"line":15,"column":36}},"loc":{"start":{"line":25,"column":28},"end":{"line":47,"column":null}},"line":25},"1":{"name":"(anonymous_1)","decl":{"start":{"line":29,"column":21},"end":{"line":29,"column":26}},"loc":{"start":{"line":29,"column":26},"end":{"line":29,"column":49}},"line":29}},"branchMap":{"0":{"loc":{"start":{"line":26,"column":4},"end":{"line":26,"column":null}},"type":"if","locations":[{"start":{"line":26,"column":4},"end":{"line":26,"column":null}},{"start":{},"end":{}}],"line":26},"1":{"loc":{"start":{"line":29,"column":4},"end":{"line":29,"column":null}},"type":"if","locations":[{"start":{"line":29,"column":4},"end":{"line":29,"column":null}},{"start":{},"end":{}}],"line":29},"2":{"loc":{"start":{"line":33,"column":33},"end":{"line":33,"column":null}},"type":"binary-expr","locations":[{"start":{"line":33,"column":33},"end":{"line":33,"column":47}},{"start":{"line":33,"column":47},"end":{"line":33,"column":null}}],"line":33},"3":{"loc":{"start":{"line":42,"column":25},"end":{"line":42,"column":null}},"type":"binary-expr","locations":[{"start":{"line":42,"column":25},"end":{"line":42,"column":61}},{"start":{"line":42,"column":61},"end":{"line":42,"column":null}}],"line":42},"4":{"loc":{"start":{"line":43,"column":26},"end":{"line":43,"column":null}},"type":"binary-expr","locations":[{"start":{"line":43,"column":26},"end":{"line":43,"column":63}},{"start":{"line":43,"column":63},"end":{"line":43,"column":null}}],"line":43}},"s":{"0":17,"1":8,"2":9,"3":9,"4":1,"5":1,"6":8,"7":17},"f":{"0":17,"1":1},"b":{"0":[8,9],"1":[1,8],"2":[8,0],"3":[17,1],"4":[17,7]},"meta":{"lastBranch":5,"lastFunction":2,"lastStatement":8,"seen":{"f:15:16:15:36":0,"b:26:4:26:Infinity:undefined:undefined:undefined:undefined":0,"s:26:4:26:Infinity":0,"s:26:31:26:Infinity":1,"s:28:21:28:Infinity":2,"b:29:4:29:Infinity:undefined:undefined:undefined:undefined":1,"s:29:4:29:Infinity":3,"f:29:21:29:26":1,"s:29:26:29:49":4,"s:29:52:29:Infinity":5,"s:33:33:33:Infinity":6,"b:33:33:33:47:33:47:33:Infinity":2,"s:35:4:46:Infinity":7,"b:42:25:42:61:42:61:42:Infinity":3,"b:43:26:43:63:43:63:43:Infinity":4}}}
,"F:\\webdev\\DictThreeJs\\src\\Utils\\GameDate.ts": {"path":"F:\\webdev\\DictThreeJs\\src\\Utils\\GameDate.ts","statementMap":{"0":{"start":{"line":5,"column":14},"end":{"line":5,"column":null}},"1":{"start":{"line":6,"column":4},"end":{"line":6,"column":null}},"2":{"start":{"line":7,"column":4},"end":{"line":7,"column":null}},"3":{"start":{"line":8,"column":4},"end":{"line":13,"column":null}}},"fnMap":{"0":{"name":"getGameDate","decl":{"start":{"line":4,"column":16},"end":{"line":4,"column":28}},"loc":{"start":{"line":4,"column":51},"end":{"line":14,"column":null}},"line":4}},"branchMap":{},"s":{"0":6,"1":6,"2":6,"3":6},"f":{"0":6},"b":{},"meta":{"lastBranch":0,"lastFunction":1,"lastStatement":4,"seen":{"f:4:16:4:28":0,"s:5:14:5:Infinity":0,"s:6:4:6:Infinity":1,"s:7:4:7:Infinity":2,"s:8:4:13:Infinity":3}}}
,"F:\\webdev\\DictThreeJs\\src\\Utils\\Laws.ts": {"path":"F:\\webdev\\DictThreeJs\\src\\Utils\\Laws.ts","statementMap":{"0":{"start":{"line":9,"column":22},"end":{"line":9,"column":null}},"1":{"start":{"line":9,"column":40},"end":{"line":9,"column":73}},"2":{"start":{"line":10,"column":4},"end":{"line":10,"column":null}},"3":{"start":{"line":10,"column":32},"end":{"line":10,"column":null}},"4":{"start":{"line":11,"column":4},"end":{"line":11,"column":null}}},"fnMap":{"0":{"name":"getRandomUniqueItemForPower","decl":{"start":{"line":4,"column":16},"end":{"line":4,"column":null}},"loc":{"start":{"line":8,"column":12},"end":{"line":12,"column":null}},"line":8},"1":{"name":"(anonymous_1)","decl":{"start":{"line":9,"column":35},"end":{"line":9,"column":40}},"loc":{"start":{"line":9,"column":40},"end":{"line":9,"column":73}},"line":9}},"branchMap":{"0":{"loc":{"start":{"line":9,"column":40},"end":{"line":9,"column":73}},"type":"binary-expr","locations":[{"start":{"line":9,"column":40},"end":{"line":9,"column":61}},{"start":{"line":9,"column":61},"end":{"line":9,"column":73}}],"line":9},"1":{"loc":{"start":{"line":10,"column":4},"end":{"line":10,"column":null}},"type":"if","locations":[{"start":{"line":10,"column":4},"end":{"line":10,"column":null}},{"start":{},"end":{}}],"line":10}},"s":{"0":0,"1":0,"2":0,"3":0,"4":0},"f":{"0":0,"1":0},"b":{"0":[0,0],"1":[0,0]},"meta":{"lastBranch":2,"lastFunction":2,"lastStatement":5,"seen":{"f:4:16:4:Infinity":0,"s:9:22:9:Infinity":0,"f:9:35:9:40":1,"s:9:40:9:73":1,"b:9:40:9:61:9:61:9:73":0,"b:10:4:10:Infinity:undefined:undefined:undefined:undefined":1,"s:10:4:10:Infinity":2,"s:10:32:10:Infinity":3,"s:11:4:11:Infinity":4}}}
,"F:\\webdev\\DictThreeJs\\src\\Utils\\Math.ts": {"path":"F:\\webdev\\DictThreeJs\\src\\Utils\\Math.ts","statementMap":{"0":{"start":{"line":1,"column":21},"end":{"line":3,"column":null}},"1":{"start":{"line":2,"column":4},"end":{"line":2,"column":null}},"2":{"start":{"line":6,"column":4},"end":{"line":6,"column":null}},"3":{"start":{"line":10,"column":4},"end":{"line":13,"column":null}},"4":{"start":{"line":11,"column":8},"end":{"line":11,"column":null}},"5":{"start":{"line":12,"column":8},"end":{"line":12,"column":null}},"6":{"start":{"line":15,"column":22},"end":{"line":15,"column":null}},"7":{"start":{"line":15,"column":42},"end":{"line":15,"column":57}},"8":{"start":{"line":17,"column":4},"end":{"line":20,"column":null}},"9":{"start":{"line":18,"column":8},"end":{"line":18,"column":null}},"10":{"start":{"line":19,"column":8},"end":{"line":19,"column":null}},"11":{"start":{"line":22,"column":24},"end":{"line":22,"column":null}},"12":{"start":{"line":23,"column":4},"end":{"line":23,"column":null}},"13":{"start":{"line":27,"column":4},"end":{"line":29,"column":null}},"14":{"start":{"line":28,"column":8},"end":{"line":28,"column":null}},"15":{"start":{"line":30,"column":24},"end":{"line":30,"column":null}},"16":{"start":{"line":31,"column":4},"end":{"line":31,"column":null}},"17":{"start":{"line":36,"column":4},"end":{"line":36,"column":null}},"18":{"start":{"line":41,"column":4},"end":{"line":41,"column":null}}},"fnMap":{"0":{"name":"(anonymous_0)","decl":{"start":{"line":1,"column":21},"end":{"line":1,"column":22}},"loc":{"start":{"line":1,"column":66},"end":{"line":3,"column":null}},"line":1},"1":{"name":"getRandomNumberInRange","decl":{"start":{"line":5,"column":16},"end":{"line":5,"column":39}},"loc":{"start":{"line":5,"column":73},"end":{"line":7,"column":null}},"line":5},"2":{"name":"getRandomUniqueItem","decl":{"start":{"line":9,"column":16},"end":{"line":9,"column":39}},"loc":{"start":{"line":9,"column":74},"end":{"line":24,"column":null}},"line":9},"3":{"name":"(anonymous_3)","decl":{"start":{"line":15,"column":34},"end":{"line":15,"column":42}},"loc":{"start":{"line":15,"column":42},"end":{"line":15,"column":57}},"line":15},"4":{"name":"getRandomFromList","decl":{"start":{"line":26,"column":16},"end":{"line":26,"column":37}},"loc":{"start":{"line":26,"column":51},"end":{"line":32,"column":null}},"line":26},"5":{"name":"rollChance","decl":{"start":{"line":35,"column":16},"end":{"line":35,"column":27}},"loc":{"start":{"line":35,"column":47},"end":{"line":37,"column":null}},"line":35},"6":{"name":"rollFloat","decl":{"start":{"line":40,"column":16},"end":{"line":40,"column":36}},"loc":{"start":{"line":40,"column":36},"end":{"line":42,"column":null}},"line":40}},"branchMap":{"0":{"loc":{"start":{"line":10,"column":4},"end":{"line":13,"column":null}},"type":"if","locations":[{"start":{"line":10,"column":4},"end":{"line":13,"column":null}},{"start":{},"end":{}}],"line":10},"1":{"loc":{"start":{"line":17,"column":4},"end":{"line":20,"column":null}},"type":"if","locations":[{"start":{"line":17,"column":4},"end":{"line":20,"column":null}},{"start":{},"end":{}}],"line":17},"2":{"loc":{"start":{"line":27,"column":4},"end":{"line":29,"column":null}},"type":"if","locations":[{"start":{"line":27,"column":4},"end":{"line":29,"column":null}},{"start":{},"end":{}}],"line":27}},"s":{"0":6,"1":104,"2":203,"3":67,"4":1,"5":1,"6":66,"7":1180,"8":66,"9":1,"10":1,"11":65,"12":65,"13":114,"14":1,"15":113,"16":113,"17":13,"18":5},"f":{"0":104,"1":203,"2":67,"3":1180,"4":114,"5":13,"6":5},"b":{"0":[1,66],"1":[1,65],"2":[1,113]},"meta":{"lastBranch":3,"lastFunction":7,"lastStatement":19,"seen":{"s:1:21:3:Infinity":0,"f:1:21:1:22":0,"s:2:4:2:Infinity":1,"f:5:16:5:39":1,"s:6:4:6:Infinity":2,"f:9:16:9:39":2,"b:10:4:13:Infinity:undefined:undefined:undefined:undefined":0,"s:10:4:13:Infinity":3,"s:11:8:11:Infinity":4,"s:12:8:12:Infinity":5,"s:15:22:15:Infinity":6,"f:15:34:15:42":3,"s:15:42:15:57":7,"b:17:4:20:Infinity:undefined:undefined:undefined:undefined":1,"s:17:4:20:Infinity":8,"s:18:8:18:Infinity":9,"s:19:8:19:Infinity":10,"s:22:24:22:Infinity":11,"s:23:4:23:Infinity":12,"f:26:16:26:37":4,"b:27:4:29:Infinity:undefined:undefined:undefined:undefined":2,"s:27:4:29:Infinity":13,"s:28:8:28:Infinity":14,"s:30:24:30:Infinity":15,"s:31:4:31:Infinity":16,"f:35:16:35:27":5,"s:36:4:36:Infinity":17,"f:40:16:40:36":6,"s:41:4:41:Infinity":18}}}
,"F:\\webdev\\DictThreeJs\\src\\Utils\\SaveLoad.ts": {"path":"F:\\webdev\\DictThreeJs\\src\\Utils\\SaveLoad.ts","statementMap":{"0":{"start":{"line":4,"column":4},"end":{"line":4,"column":null}},"1":{"start":{"line":4,"column":35},"end":{"line":4,"column":null}},"2":{"start":{"line":5,"column":4},"end":{"line":5,"column":null}},"3":{"start":{"line":5,"column":49},"end":{"line":5,"column":null}},"4":{"start":{"line":6,"column":4},"end":{"line":6,"column":null}},"5":{"start":{"line":6,"column":28},"end":{"line":6,"column":null}},"6":{"start":{"line":7,"column":4},"end":{"line":7,"column":null}},"7":{"start":{"line":7,"column":28},"end":{"line":7,"column":null}},"8":{"start":{"line":8,"column":44},"end":{"line":8,"column":null}},"9":{"start":{"line":9,"column":4},"end":{"line":13,"column":null}},"10":{"start":{"line":10,"column":8},"end":{"line":12,"column":null}},"11":{"start":{"line":11,"column":12},"end":{"line":11,"column":null}},"12":{"start":{"line":14,"column":4},"end":{"line":14,"column":null}},"13":{"start":{"line":18,"column":25},"end":{"line":18,"column":null}},"14":{"start":{"line":19,"column":17},"end":{"line":19,"column":null}},"15":{"start":{"line":20,"column":20},"end":{"line":20,"column":null}},"16":{"start":{"line":21,"column":17},"end":{"line":21,"column":null}},"17":{"start":{"line":22,"column":16},"end":{"line":22,"column":null}},"18":{"start":{"line":23,"column":14},"end":{"line":23,"column":null}},"19":{"start":{"line":24,"column":4},"end":{"line":24,"column":null}},"20":{"start":{"line":25,"column":4},"end":{"line":25,"column":null}},"21":{"start":{"line":26,"column":4},"end":{"line":26,"column":null}},"22":{"start":{"line":27,"column":4},"end":{"line":27,"column":null}},"23":{"start":{"line":31,"column":4},"end":{"line":44,"column":null}},"24":{"start":{"line":32,"column":23},"end":{"line":32,"column":null}},"25":{"start":{"line":33,"column":8},"end":{"line":41,"column":null}},"26":{"start":{"line":34,"column":12},"end":{"line":40,"column":null}},"27":{"start":{"line":35,"column":22},"end":{"line":35,"column":null}},"28":{"start":{"line":36,"column":29},"end":{"line":36,"column":null}},"29":{"start":{"line":37,"column":16},"end":{"line":37,"column":null}},"30":{"start":{"line":39,"column":16},"end":{"line":39,"column":null}},"31":{"start":{"line":42,"column":8},"end":{"line":42,"column":null}},"32":{"start":{"line":42,"column":31},"end":{"line":42,"column":null}},"33":{"start":{"line":43,"column":8},"end":{"line":43,"column":null}}},"fnMap":{"0":{"name":"stripFunctions","decl":{"start":{"line":3,"column":9},"end":{"line":3,"column":24}},"loc":{"start":{"line":3,"column":47},"end":{"line":15,"column":null}},"line":3},"1":{"name":"exportSave","decl":{"start":{"line":17,"column":16},"end":{"line":17,"column":27}},"loc":{"start":{"line":17,"column":51},"end":{"line":28,"column":null}},"line":17},"2":{"name":"importSave","decl":{"start":{"line":30,"column":16},"end":{"line":30,"column":27}},"loc":{"start":{"line":30,"column":73},"end":{"line":45,"column":null}},"line":30},"3":{"name":"(anonymous_3)","decl":{"start":{"line":31,"column":23},"end":{"line":31,"column":24}},"loc":{"start":{"line":31,"column":44},"end":{"line":44,"column":5}},"line":31},"4":{"name":"(anonymous_4)","decl":{"start":{"line":33,"column":24},"end":{"line":33,"column":25}},"loc":{"start":{"line":33,"column":31},"end":{"line":41,"column":null}},"line":33},"5":{"name":"(anonymous_5)","decl":{"start":{"line":42,"column":25},"end":{"line":42,"column":31}},"loc":{"start":{"line":42,"column":31},"end":{"line":42,"column":null}},"line":42}},"branchMap":{"0":{"loc":{"start":{"line":4,"column":4},"end":{"line":4,"column":null}},"type":"if","locations":[{"start":{"line":4,"column":4},"end":{"line":4,"column":null}},{"start":{},"end":{}}],"line":4},"1":{"loc":{"start":{"line":5,"column":4},"end":{"line":5,"column":null}},"type":"if","locations":[{"start":{"line":5,"column":4},"end":{"line":5,"column":null}},{"start":{},"end":{}}],"line":5},"2":{"loc":{"start":{"line":5,"column":8},"end":{"line":5,"column":49}},"type":"binary-expr","locations":[{"start":{"line":5,"column":8},"end":{"line":5,"column":24}},{"start":{"line":5,"column":24},"end":{"line":5,"column":49}}],"line":5},"3":{"loc":{"start":{"line":6,"column":4},"end":{"line":6,"column":null}},"type":"if","locations":[{"start":{"line":6,"column":4},"end":{"line":6,"column":null}},{"start":{},"end":{}}],"line":6},"4":{"loc":{"start":{"line":7,"column":4},"end":{"line":7,"column":null}},"type":"if","locations":[{"start":{"line":7,"column":4},"end":{"line":7,"column":null}},{"start":{},"end":{}}],"line":7},"5":{"loc":{"start":{"line":10,"column":8},"end":{"line":12,"column":null}},"type":"if","locations":[{"start":{"line":10,"column":8},"end":{"line":12,"column":null}},{"start":{},"end":{}}],"line":10}},"s":{"0":0,"1":0,"2":0,"3":0,"4":0,"5":0,"6":0,"7":0,"8":0,"9":0,"10":0,"11":0,"12":0,"13":0,"14":0,"15":0,"16":0,"17":0,"18":0,"19":0,"20":0,"21":0,"22":0,"23":0,"24":0,"25":0,"26":0,"27":0,"28":0,"29":0,"30":0,"31":0,"32":0,"33":0},"f":{"0":0,"1":0,"2":0,"3":0,"4":0,"5":0},"b":{"0":[0,0],"1":[0,0],"2":[0,0],"3":[0,0],"4":[0,0],"5":[0,0]},"meta":{"lastBranch":6,"lastFunction":6,"lastStatement":34,"seen":{"f:3:9:3:24":0,"b:4:4:4:Infinity:undefined:undefined:undefined:undefined":0,"s:4:4:4:Infinity":0,"s:4:35:4:Infinity":1,"b:5:4:5:Infinity:undefined:undefined:undefined:undefined":1,"s:5:4:5:Infinity":2,"b:5:8:5:24:5:24:5:49":2,"s:5:49:5:Infinity":3,"b:6:4:6:Infinity:undefined:undefined:undefined:undefined":3,"s:6:4:6:Infinity":4,"s:6:28:6:Infinity":5,"b:7:4:7:Infinity:undefined:undefined:undefined:undefined":4,"s:7:4:7:Infinity":6,"s:7:28:7:Infinity":7,"s:8:44:8:Infinity":8,"s:9:4:13:Infinity":9,"b:10:8:12:Infinity:undefined:undefined:undefined:undefined":5,"s:10:8:12:Infinity":10,"s:11:12:11:Infinity":11,"s:14:4:14:Infinity":12,"f:17:16:17:27":1,"s:18:25:18:Infinity":13,"s:19:17:19:Infinity":14,"s:20:20:20:Infinity":15,"s:21:17:21:Infinity":16,"s:22:16:22:Infinity":17,"s:23:14:23:Infinity":18,"s:24:4:24:Infinity":19,"s:25:4:25:Infinity":20,"s:26:4:26:Infinity":21,"s:27:4:27:Infinity":22,"f:30:16:30:27":2,"s:31:4:44:Infinity":23,"f:31:23:31:24":3,"s:32:23:32:Infinity":24,"s:33:8:41:Infinity":25,"f:33:24:33:25":4,"s:34:12:40:Infinity":26,"s:35:22:35:Infinity":27,"s:36:29:36:Infinity":28,"s:37:16:37:Infinity":29,"s:39:16:39:Infinity":30,"s:42:8:42:Infinity":31,"f:42:25:42:31":5,"s:42:31:42:Infinity":32,"s:43:8:43:Infinity":33}}}
,"F:\\webdev\\DictThreeJs\\src\\Utils\\UI.ts": {"path":"F:\\webdev\\DictThreeJs\\src\\Utils\\UI.ts","statementMap":{"0":{"start":{"line":3,"column":31},"end":{"line":10,"column":null}},"1":{"start":{"line":4,"column":20},"end":{"line":4,"column":null}},"2":{"start":{"line":5,"column":20},"end":{"line":5,"column":null}},"3":{"start":{"line":6,"column":20},"end":{"line":6,"column":null}},"4":{"start":{"line":7,"column":20},"end":{"line":7,"column":null}},"5":{"start":{"line":9,"column":4},"end":{"line":9,"column":null}}},"fnMap":{"0":{"name":"(anonymous_0)","decl":{"start":{"line":3,"column":31},"end":{"line":3,"column":32}},"loc":{"start":{"line":3,"column":53},"end":{"line":10,"column":null}},"line":3}},"branchMap":{},"s":{"0":1,"1":48,"2":48,"3":48,"4":48,"5":48},"f":{"0":48},"b":{},"meta":{"lastBranch":0,"lastFunction":1,"lastStatement":6,"seen":{"s:3:31:10:Infinity":0,"f:3:31:3:32":0,"s:4:20:4:Infinity":1,"s:5:20:5:Infinity":2,"s:6:20:6:Infinity":3,"s:7:20:7:Infinity":4,"s:9:4:9:Infinity":5}}}
,"F:\\webdev\\DictThreeJs\\src\\assets\\dailyEvents.ts": {"path":"F:\\webdev\\DictThreeJs\\src\\assets\\dailyEvents.ts","statementMap":{"0":{"start":{"line":3,"column":42},"end":{"line":47,"column":null}}},"fnMap":{},"branchMap":{},"s":{"0":1},"f":{},"b":{},"meta":{"lastBranch":0,"lastFunction":0,"lastStatement":1,"seen":{"s:3:42:47:Infinity":0}}}
,"F:\\webdev\\DictThreeJs\\src\\assets\\deals.ts": {"path":"F:\\webdev\\DictThreeJs\\src\\assets\\deals.ts","statementMap":{"0":{"start":{"line":3,"column":29},"end":{"line":129,"column":null}}},"fnMap":{},"branchMap":{},"s":{"0":1},"f":{},"b":{},"meta":{"lastBranch":0,"lastFunction":0,"lastStatement":1,"seen":{"s:3:29:129:Infinity":0}}}
,"F:\\webdev\\DictThreeJs\\src\\assets\\laws.ts": {"path":"F:\\webdev\\DictThreeJs\\src\\assets\\laws.ts","statementMap":{"0":{"start":{"line":4,"column":27},"end":{"line":244,"column":null}}},"fnMap":{},"branchMap":{},"s":{"0":1},"f":{},"b":{},"meta":{"lastBranch":0,"lastFunction":0,"lastStatement":1,"seen":{"s:4:27:244:Infinity":0}}}
,"F:\\webdev\\DictThreeJs\\src\\assets\\miniChallenges.ts": {"path":"F:\\webdev\\DictThreeJs\\src\\assets\\miniChallenges.ts","statementMap":{"0":{"start":{"line":3,"column":48},"end":{"line":47,"column":null}}},"fnMap":{},"branchMap":{},"s":{"0":1},"f":{},"b":{},"meta":{"lastBranch":0,"lastFunction":0,"lastStatement":1,"seen":{"s:3:48:47:Infinity":0}}}
,"F:\\webdev\\DictThreeJs\\src\\assets\\periodicEvents.ts": {"path":"F:\\webdev\\DictThreeJs\\src\\assets\\periodicEvents.ts","statementMap":{"0":{"start":{"line":3,"column":48},"end":{"line":82,"column":null}}},"fnMap":{},"branchMap":{},"s":{"0":1},"f":{},"b":{},"meta":{"lastBranch":0,"lastFunction":0,"lastStatement":1,"seen":{"s:3:48:82:Infinity":0}}}
,"F:\\webdev\\DictThreeJs\\src\\assets\\secretRooms.ts": {"path":"F:\\webdev\\DictThreeJs\\src\\assets\\secretRooms.ts","statementMap":{"0":{"start":{"line":7,"column":6},"end":{"line":11,"column":null}}},"fnMap":{},"branchMap":{},"s":{"0":1},"f":{},"b":{},"meta":{"lastBranch":0,"lastFunction":0,"lastStatement":1,"seen":{"s:7:6:11:Infinity":0}}}
,"F:\\webdev\\DictThreeJs\\src\\types\\Tabs.ts": {"path":"F:\\webdev\\DictThreeJs\\src\\types\\Tabs.ts","statementMap":{"0":{"start":{"line":1,"column":20},"end":{"line":11,"column":null}}},"fnMap":{},"branchMap":{},"s":{"0":5},"f":{},"b":{},"meta":{"lastBranch":0,"lastFunction":0,"lastStatement":1,"seen":{"s:1:20:11:Infinity":0}}}
}
