{"F:\\webdev\\DictThreeJs\\src\\i18n.ts": {"path":"F:\\webdev\\DictThreeJs\\src\\i18n.ts","statementMap":{"0":{"start":{"line":6,"column":0},"end":{"line":21,"column":null}}},"fnMap":{},"branchMap":{},"s":{"0":1},"f":{},"b":{},"meta":{"lastBranch":0,"lastFunction":0,"lastStatement":1,"seen":{"s:6:0:21:Infinity":0}}}
,"F:\\webdev\\DictThreeJs\\src\\Constants\\GameState.ts": {"path":"F:\\webdev\\DictThreeJs\\src\\Constants\\GameState.ts","statementMap":{"0":{"start":{"line":109,"column":47},"end":{"line":192,"column":null}}},"fnMap":{},"branchMap":{},"s":{"0":3},"f":{},"b":{},"meta":{"lastBranch":0,"lastFunction":0,"lastStatement":1,"seen":{"s:109:47:192:Infinity":0}}}
,"F:\\webdev\\DictThreeJs\\src\\Stores\\ActionHandler.ts": {"path":"F:\\webdev\\DictThreeJs\\src\\Stores\\ActionHandler.ts","statementMap":{"0":{"start":{"line":15,"column":17},"end":{"line":15,"column":null}},"1":{"start":{"line":17,"column":4},"end":{"line":25,"column":null}},"2":{"start":{"line":18,"column":8},"end":{"line":24,"column":null}},"3":{"start":{"line":27,"column":4},"end":{"line":40,"column":null}},"4":{"start":{"line":48,"column":21},"end":{"line":48,"column":null}},"5":{"start":{"line":50,"column":25},"end":{"line":50,"column":null}},"6":{"start":{"line":51,"column":4},"end":{"line":52,"column":null}},"7":{"start":{"line":51,"column":23},"end":{"line":51,"column":null}},"8":{"start":{"line":51,"column":40},"end":{"line":52,"column":null}},"9":{"start":{"line":52,"column":29},"end":{"line":52,"column":null}},"10":{"start":{"line":54,"column":24},"end":{"line":54,"column":null}},"11":{"start":{"line":56,"column":4},"end":{"line":66,"column":null}},"12":{"start":{"line":57,"column":8},"end":{"line":65,"column":null}},"13":{"start":{"line":68,"column":24},"end":{"line":68,"column":null}},"14":{"start":{"line":68,"column":64},"end":{"line":68,"column":75}},"15":{"start":{"line":69,"column":23},"end":{"line":69,"column":null}},"16":{"start":{"line":71,"column":4},"end":{"line":84,"column":null}},"17":{"start":{"line":88,"column":17},"end":{"line":88,"column":null}},"18":{"start":{"line":90,"column":4},"end":{"line":103,"column":null}},"19":{"start":{"line":110,"column":28},"end":{"line":110,"column":null}},"20":{"start":{"line":111,"column":21},"end":{"line":111,"column":null}},"21":{"start":{"line":113,"column":26},"end":{"line":113,"column":null}},"22":{"start":{"line":114,"column":26},"end":{"line":114,"column":null}},"23":{"start":{"line":115,"column":29},"end":{"line":115,"column":null}},"24":{"start":{"line":116,"column":17},"end":{"line":116,"column":null}},"25":{"start":{"line":118,"column":4},"end":{"line":132,"column":null}},"26":{"start":{"line":119,"column":8},"end":{"line":131,"column":null}},"27":{"start":{"line":134,"column":4},"end":{"line":148,"column":null}},"28":{"start":{"line":135,"column":8},"end":{"line":147,"column":null}},"29":{"start":{"line":150,"column":4},"end":{"line":155,"column":null}},"30":{"start":{"line":163,"column":25},"end":{"line":163,"column":null}},"31":{"start":{"line":165,"column":93},"end":{"line":170,"column":null}},"32":{"start":{"line":166,"column":21},"end":{"line":166,"column":null}},"33":{"start":{"line":167,"column":26},"end":{"line":167,"column":null}},"34":{"start":{"line":168,"column":27},"end":{"line":168,"column":null}},"35":{"start":{"line":169,"column":25},"end":{"line":169,"column":null}},"36":{"start":{"line":172,"column":4},"end":{"line":172,"column":null}}},"fnMap":{"0":{"name":"handleBribe","decl":{"start":{"line":14,"column":9},"end":{"line":14,"column":21}},"loc":{"start":{"line":14,"column":67},"end":{"line":41,"column":null}},"line":14},"1":{"name":"handleEliminate","decl":{"start":{"line":43,"column":9},"end":{"line":43,"column":null}},"loc":{"start":{"line":47,"column":40},"end":{"line":85,"column":null}},"line":47},"2":{"name":"(anonymous_2)","decl":{"start":{"line":68,"column":57},"end":{"line":68,"column":58}},"loc":{"start":{"line":68,"column":64},"end":{"line":68,"column":75}},"line":68},"3":{"name":"handleExpropriate","decl":{"start":{"line":87,"column":9},"end":{"line":87,"column":27}},"loc":{"start":{"line":87,"column":73},"end":{"line":104,"column":null}},"line":87},"4":{"name":"handleDialogue","decl":{"start":{"line":106,"column":9},"end":{"line":106,"column":null}},"loc":{"start":{"line":109,"column":40},"end":{"line":156,"column":null}},"line":109},"5":{"name":"handleActionOutcome","decl":{"start":{"line":158,"column":16},"end":{"line":158,"column":null}},"loc":{"start":{"line":162,"column":16},"end":{"line":173,"column":null}},"line":162},"6":{"name":"(anonymous_6)","decl":{"start":{"line":166,"column":15},"end":{"line":166,"column":21}},"loc":{"start":{"line":166,"column":21},"end":{"line":166,"column":null}},"line":166},"7":{"name":"(anonymous_7)","decl":{"start":{"line":167,"column":19},"end":{"line":167,"column":26}},"loc":{"start":{"line":167,"column":26},"end":{"line":167,"column":null}},"line":167},"8":{"name":"(anonymous_8)","decl":{"start":{"line":168,"column":21},"end":{"line":168,"column":27}},"loc":{"start":{"line":168,"column":27},"end":{"line":168,"column":null}},"line":168},"9":{"name":"(anonymous_9)","decl":{"start":{"line":169,"column":18},"end":{"line":169,"column":25}},"loc":{"start":{"line":169,"column":25},"end":{"line":169,"column":null}},"line":169}},"branchMap":{"0":{"loc":{"start":{"line":17,"column":4},"end":{"line":25,"column":null}},"type":"if","locations":[{"start":{"line":17,"column":4},"end":{"line":25,"column":null}},{"start":{},"end":{}}],"line":17},"1":{"loc":{"start":{"line":51,"column":4},"end":{"line":52,"column":null}},"type":"if","locations":[{"start":{"line":51,"column":4},"end":{"line":52,"column":null}},{"start":{"line":51,"column":40},"end":{"line":52,"column":null}}],"line":51},"2":{"loc":{"start":{"line":51,"column":40},"end":{"line":52,"column":null}},"type":"if","locations":[{"start":{"line":51,"column":40},"end":{"line":52,"column":null}},{"start":{},"end":{}}],"line":51},"3":{"loc":{"start":{"line":56,"column":4},"end":{"line":66,"column":null}},"type":"if","locations":[{"start":{"line":56,"column":4},"end":{"line":66,"column":null}},{"start":{},"end":{}}],"line":56},"4":{"loc":{"start":{"line":118,"column":4},"end":{"line":132,"column":null}},"type":"if","locations":[{"start":{"line":118,"column":4},"end":{"line":132,"column":null}},{"start":{},"end":{}}],"line":118},"5":{"loc":{"start":{"line":134,"column":4},"end":{"line":148,"column":null}},"type":"if","locations":[{"start":{"line":134,"column":4},"end":{"line":148,"column":null}},{"start":{},"end":{}}],"line":134}},"s":{"0":6,"1":6,"2":1,"3":5,"4":3,"5":3,"6":3,"7":0,"8":3,"9":0,"10":3,"11":3,"12":1,"13":2,"14":6,"15":2,"16":2,"17":6,"18":6,"19":5,"20":5,"21":5,"22":5,"23":5,"24":5,"25":5,"26":1,"27":4,"28":3,"29":1,"30":20,"31":20,"32":6,"33":3,"34":6,"35":5,"36":20},"f":{"0":6,"1":3,"2":6,"3":6,"4":5,"5":20,"6":6,"7":3,"8":6,"9":5},"b":{"0":[1,5],"1":[0,3],"2":[0,3],"3":[1,2],"4":[1,4],"5":[3,1]},"meta":{"lastBranch":6,"lastFunction":10,"lastStatement":37,"seen":{"f:14:9:14:21":0,"s:15:17:15:Infinity":0,"b:17:4:25:Infinity:undefined:undefined:undefined:undefined":0,"s:17:4:25:Infinity":1,"s:18:8:24:Infinity":2,"s:27:4:40:Infinity":3,"f:43:9:43:Infinity":1,"s:48:21:48:Infinity":4,"s:50:25:50:Infinity":5,"b:51:4:52:Infinity:51:40:52:Infinity":1,"s:51:4:52:Infinity":6,"s:51:23:51:Infinity":7,"b:51:40:52:Infinity:undefined:undefined:undefined:undefined":2,"s:51:40:52:Infinity":8,"s:52:29:52:Infinity":9,"s:54:24:54:Infinity":10,"b:56:4:66:Infinity:undefined:undefined:undefined:undefined":3,"s:56:4:66:Infinity":11,"s:57:8:65:Infinity":12,"s:68:24:68:Infinity":13,"f:68:57:68:58":2,"s:68:64:68:75":14,"s:69:23:69:Infinity":15,"s:71:4:84:Infinity":16,"f:87:9:87:27":3,"s:88:17:88:Infinity":17,"s:90:4:103:Infinity":18,"f:106:9:106:Infinity":4,"s:110:28:110:Infinity":19,"s:111:21:111:Infinity":20,"s:113:26:113:Infinity":21,"s:114:26:114:Infinity":22,"s:115:29:115:Infinity":23,"s:116:17:116:Infinity":24,"b:118:4:132:Infinity:undefined:undefined:undefined:undefined":4,"s:118:4:132:Infinity":25,"s:119:8:131:Infinity":26,"b:134:4:148:Infinity:undefined:undefined:undefined:undefined":5,"s:134:4:148:Infinity":27,"s:135:8:147:Infinity":28,"s:150:4:155:Infinity":29,"f:158:16:158:Infinity":5,"s:163:25:163:Infinity":30,"s:165:93:170:Infinity":31,"f:166:15:166:21":6,"s:166:21:166:Infinity":32,"f:167:19:167:26":7,"s:167:26:167:Infinity":33,"f:168:21:168:27":8,"s:168:27:168:Infinity":34,"f:169:18:169:25":9,"s:169:25:169:Infinity":35,"s:172:4:172:Infinity":36}}}
,"F:\\webdev\\DictThreeJs\\src\\Stores\\BudgetHandler.ts": {"path":"F:\\webdev\\DictThreeJs\\src\\Stores\\BudgetHandler.ts","statementMap":{"0":{"start":{"line":21,"column":23},"end":{"line":21,"column":null}},"1":{"start":{"line":22,"column":43},"end":{"line":22,"column":null}},"2":{"start":{"line":23,"column":60},"end":{"line":23,"column":null}},"3":{"start":{"line":25,"column":23},"end":{"line":25,"column":null}},"4":{"start":{"line":26,"column":25},"end":{"line":26,"column":null}},"5":{"start":{"line":29,"column":4},"end":{"line":33,"column":null}},"6":{"start":{"line":30,"column":8},"end":{"line":30,"column":null}},"7":{"start":{"line":31,"column":4},"end":{"line":33,"column":null}},"8":{"start":{"line":32,"column":8},"end":{"line":32,"column":null}},"9":{"start":{"line":36,"column":4},"end":{"line":38,"column":null}},"10":{"start":{"line":37,"column":8},"end":{"line":37,"column":null}},"11":{"start":{"line":40,"column":24},"end":{"line":40,"column":null}},"12":{"start":{"line":41,"column":10},"end":{"line":41,"column":null}},"13":{"start":{"line":42,"column":22},"end":{"line":42,"column":null}},"14":{"start":{"line":44,"column":4},"end":{"line":44,"column":null}},"15":{"start":{"line":57,"column":4},"end":{"line":62,"column":null}},"16":{"start":{"line":58,"column":20},"end":{"line":58,"column":null}},"17":{"start":{"line":59,"column":24},"end":{"line":59,"column":null}},"18":{"start":{"line":60,"column":14},"end":{"line":60,"column":null}},"19":{"start":{"line":61,"column":8},"end":{"line":61,"column":null}},"20":{"start":{"line":64,"column":4},"end":{"line":69,"column":null}},"21":{"start":{"line":65,"column":20},"end":{"line":65,"column":null}},"22":{"start":{"line":66,"column":24},"end":{"line":66,"column":null}},"23":{"start":{"line":67,"column":14},"end":{"line":67,"column":null}},"24":{"start":{"line":68,"column":8},"end":{"line":68,"column":null}},"25":{"start":{"line":71,"column":4},"end":{"line":71,"column":null}},"26":{"start":{"line":72,"column":4},"end":{"line":72,"column":null}}},"fnMap":{"0":{"name":"calculateRoundFinancials","decl":{"start":{"line":20,"column":16},"end":{"line":20,"column":41}},"loc":{"start":{"line":20,"column":87},"end":{"line":45,"column":null}},"line":20},"1":{"name":"handleBudgetChange","decl":{"start":{"line":51,"column":16},"end":{"line":51,"column":35}},"loc":{"start":{"line":55,"column":23},"end":{"line":73,"column":null}},"line":55}},"branchMap":{"0":{"loc":{"start":{"line":29,"column":4},"end":{"line":33,"column":null}},"type":"if","locations":[{"start":{"line":29,"column":4},"end":{"line":33,"column":null}},{"start":{"line":31,"column":4},"end":{"line":33,"column":null}}],"line":29},"1":{"loc":{"start":{"line":31,"column":4},"end":{"line":33,"column":null}},"type":"if","locations":[{"start":{"line":31,"column":4},"end":{"line":33,"column":null}},{"start":{},"end":{}}],"line":31},"2":{"loc":{"start":{"line":36,"column":4},"end":{"line":38,"column":null}},"type":"if","locations":[{"start":{"line":36,"column":4},"end":{"line":38,"column":null}},{"start":{},"end":{}}],"line":36},"3":{"loc":{"start":{"line":57,"column":4},"end":{"line":62,"column":null}},"type":"if","locations":[{"start":{"line":57,"column":4},"end":{"line":62,"column":null}},{"start":{},"end":{}}],"line":57},"4":{"loc":{"start":{"line":64,"column":4},"end":{"line":69,"column":null}},"type":"if","locations":[{"start":{"line":64,"column":4},"end":{"line":69,"column":null}},{"start":{},"end":{}}],"line":64}},"s":{"0":0,"1":0,"2":0,"3":0,"4":0,"5":0,"6":0,"7":0,"8":0,"9":0,"10":0,"11":0,"12":0,"13":0,"14":0,"15":13,"16":7,"17":7,"18":7,"19":7,"20":6,"21":5,"22":5,"23":5,"24":5,"25":1,"26":1},"f":{"0":0,"1":13},"b":{"0":[0,0],"1":[0,0],"2":[0,0],"3":[7,6],"4":[5,1]},"meta":{"lastBranch":5,"lastFunction":2,"lastStatement":27,"seen":{"f:20:16:20:41":0,"s:21:23:21:Infinity":0,"s:22:43:22:Infinity":1,"s:23:60:23:Infinity":2,"s:25:23:25:Infinity":3,"s:26:25:26:Infinity":4,"b:29:4:33:Infinity:31:4:33:Infinity":0,"s:29:4:33:Infinity":5,"s:30:8:30:Infinity":6,"b:31:4:33:Infinity:undefined:undefined:undefined:undefined":1,"s:31:4:33:Infinity":7,"s:32:8:32:Infinity":8,"b:36:4:38:Infinity:undefined:undefined:undefined:undefined":2,"s:36:4:38:Infinity":9,"s:37:8:37:Infinity":10,"s:40:24:40:Infinity":11,"s:41:10:41:Infinity":12,"s:42:22:42:Infinity":13,"s:44:4:44:Infinity":14,"f:51:16:51:35":1,"b:57:4:62:Infinity:undefined:undefined:undefined:undefined":3,"s:57:4:62:Infinity":15,"s:58:20:58:Infinity":16,"s:59:24:59:Infinity":17,"s:60:14:60:Infinity":18,"s:61:8:61:Infinity":19,"b:64:4:69:Infinity:undefined:undefined:undefined:undefined":4,"s:64:4:69:Infinity":20,"s:65:20:65:Infinity":21,"s:66:24:66:Infinity":22,"s:67:14:67:Infinity":23,"s:68:8:68:Infinity":24,"s:71:4:71:Infinity":25,"s:72:4:72:Infinity":26}}}
,"F:\\webdev\\DictThreeJs\\src\\Stores\\EffectHandler.ts": {"path":"F:\\webdev\\DictThreeJs\\src\\Stores\\EffectHandler.ts","statementMap":{"0":{"start":{"line":23,"column":31},"end":{"line":23,"column":null}},"1":{"start":{"line":24,"column":16},"end":{"line":24,"column":null}},"2":{"start":{"line":25,"column":34},"end":{"line":25,"column":null}},"3":{"start":{"line":28,"column":4},"end":{"line":34,"column":null}},"4":{"start":{"line":29,"column":8},"end":{"line":29,"column":null}},"5":{"start":{"line":30,"column":8},"end":{"line":30,"column":null}},"6":{"start":{"line":31,"column":4},"end":{"line":34,"column":null}},"7":{"start":{"line":32,"column":8},"end":{"line":32,"column":null}},"8":{"start":{"line":33,"column":8},"end":{"line":33,"column":null}},"9":{"start":{"line":37,"column":4},"end":{"line":43,"column":null}},"10":{"start":{"line":38,"column":8},"end":{"line":38,"column":null}},"11":{"start":{"line":39,"column":8},"end":{"line":39,"column":null}},"12":{"start":{"line":40,"column":4},"end":{"line":43,"column":null}},"13":{"start":{"line":41,"column":8},"end":{"line":41,"column":null}},"14":{"start":{"line":42,"column":8},"end":{"line":42,"column":null}},"15":{"start":{"line":46,"column":4},"end":{"line":54,"column":null}},"16":{"start":{"line":47,"column":8},"end":{"line":47,"column":null}},"17":{"start":{"line":48,"column":8},"end":{"line":48,"column":null}},"18":{"start":{"line":49,"column":8},"end":{"line":49,"column":null}},"19":{"start":{"line":50,"column":4},"end":{"line":54,"column":null}},"20":{"start":{"line":51,"column":8},"end":{"line":51,"column":null}},"21":{"start":{"line":52,"column":8},"end":{"line":52,"column":null}},"22":{"start":{"line":53,"column":8},"end":{"line":53,"column":null}},"23":{"start":{"line":56,"column":4},"end":{"line":56,"column":null}},"24":{"start":{"line":74,"column":18},"end":{"line":74,"column":null}},"25":{"start":{"line":75,"column":19},"end":{"line":75,"column":null}},"26":{"start":{"line":78,"column":24},"end":{"line":78,"column":null}},"27":{"start":{"line":81,"column":25},"end":{"line":81,"column":null}},"28":{"start":{"line":82,"column":4},"end":{"line":91,"column":null}},"29":{"start":{"line":83,"column":22},"end":{"line":83,"column":null}},"30":{"start":{"line":84,"column":8},"end":{"line":90,"column":null}},"31":{"start":{"line":85,"column":12},"end":{"line":89,"column":null}},"32":{"start":{"line":94,"column":28},"end":{"line":94,"column":null}},"33":{"start":{"line":95,"column":21},"end":{"line":95,"column":null}},"34":{"start":{"line":96,"column":44},"end":{"line":96,"column":null}},"35":{"start":{"line":97,"column":29},"end":{"line":97,"column":null}},"36":{"start":{"line":98,"column":4},"end":{"line":107,"column":null}},"37":{"start":{"line":99,"column":22},"end":{"line":99,"column":null}},"38":{"start":{"line":100,"column":8},"end":{"line":106,"column":null}},"39":{"start":{"line":101,"column":12},"end":{"line":105,"column":null}},"40":{"start":{"line":108,"column":4},"end":{"line":117,"column":null}},"41":{"start":{"line":109,"column":22},"end":{"line":109,"column":null}},"42":{"start":{"line":110,"column":8},"end":{"line":116,"column":null}},"43":{"start":{"line":111,"column":12},"end":{"line":115,"column":null}},"44":{"start":{"line":120,"column":26},"end":{"line":120,"column":null}},"45":{"start":{"line":121,"column":4},"end":{"line":128,"column":null}},"46":{"start":{"line":122,"column":14},"end":{"line":122,"column":null}},"47":{"start":{"line":123,"column":8},"end":{"line":127,"column":null}},"48":{"start":{"line":131,"column":24},"end":{"line":131,"column":null}},"49":{"start":{"line":132,"column":4},"end":{"line":137,"column":null}},"50":{"start":{"line":133,"column":28},"end":{"line":133,"column":null}},"51":{"start":{"line":133,"column":53},"end":{"line":133,"column":112}},"52":{"start":{"line":134,"column":28},"end":{"line":134,"column":null}},"53":{"start":{"line":134,"column":53},"end":{"line":134,"column":112}},"54":{"start":{"line":135,"column":8},"end":{"line":136,"column":null}},"55":{"start":{"line":135,"column":54},"end":{"line":135,"column":null}},"56":{"start":{"line":135,"column":70},"end":{"line":136,"column":null}},"57":{"start":{"line":136,"column":60},"end":{"line":136,"column":null}},"58":{"start":{"line":139,"column":10},"end":{"line":143,"column":null}},"59":{"start":{"line":146,"column":23},"end":{"line":153,"column":null}},"60":{"start":{"line":156,"column":4},"end":{"line":184,"column":null}},"61":{"start":{"line":157,"column":21},"end":{"line":157,"column":null}},"62":{"start":{"line":158,"column":24},"end":{"line":158,"column":null}},"63":{"start":{"line":159,"column":8},"end":{"line":161,"column":null}},"64":{"start":{"line":160,"column":12},"end":{"line":160,"column":null}},"65":{"start":{"line":163,"column":8},"end":{"line":172,"column":null}},"66":{"start":{"line":174,"column":20},"end":{"line":174,"column":null}},"67":{"start":{"line":175,"column":8},"end":{"line":183,"column":null}},"68":{"start":{"line":196,"column":10},"end":{"line":200,"column":null}},"69":{"start":{"line":202,"column":4},"end":{"line":205,"column":null}},"70":{"start":{"line":203,"column":8},"end":{"line":203,"column":null}},"71":{"start":{"line":207,"column":4},"end":{"line":207,"column":null}}},"fnMap":{"0":{"name":"applyBudgetEffects","decl":{"start":{"line":19,"column":16},"end":{"line":19,"column":null}},"loc":{"start":{"line":22,"column":22},"end":{"line":57,"column":null}},"line":22},"1":{"name":"handleDecision","decl":{"start":{"line":61,"column":16},"end":{"line":61,"column":31}},"loc":{"start":{"line":73,"column":3},"end":{"line":185,"column":null}},"line":73},"2":{"name":"(anonymous_2)","decl":{"start":{"line":82,"column":18},"end":{"line":82,"column":19}},"loc":{"start":{"line":82,"column":27},"end":{"line":91,"column":5}},"line":82},"3":{"name":"(anonymous_3)","decl":{"start":{"line":98,"column":28},"end":{"line":98,"column":29}},"loc":{"start":{"line":98,"column":37},"end":{"line":107,"column":5}},"line":98},"4":{"name":"(anonymous_4)","decl":{"start":{"line":108,"column":20},"end":{"line":108,"column":21}},"loc":{"start":{"line":108,"column":29},"end":{"line":117,"column":5}},"line":108},"5":{"name":"(anonymous_5)","decl":{"start":{"line":133,"column":41},"end":{"line":133,"column":42}},"loc":{"start":{"line":133,"column":53},"end":{"line":133,"column":112}},"line":133},"6":{"name":"(anonymous_6)","decl":{"start":{"line":134,"column":41},"end":{"line":134,"column":42}},"loc":{"start":{"line":134,"column":53},"end":{"line":134,"column":112}},"line":134},"7":{"name":"handleRelations","decl":{"start":{"line":187,"column":16},"end":{"line":187,"column":32}},"loc":{"start":{"line":195,"column":3},"end":{"line":208,"column":null}},"line":195}},"branchMap":{"0":{"loc":{"start":{"line":28,"column":4},"end":{"line":34,"column":null}},"type":"if","locations":[{"start":{"line":28,"column":4},"end":{"line":34,"column":null}},{"start":{"line":31,"column":4},"end":{"line":34,"column":null}}],"line":28},"1":{"loc":{"start":{"line":31,"column":4},"end":{"line":34,"column":null}},"type":"if","locations":[{"start":{"line":31,"column":4},"end":{"line":34,"column":null}},{"start":{},"end":{}}],"line":31},"2":{"loc":{"start":{"line":37,"column":4},"end":{"line":43,"column":null}},"type":"if","locations":[{"start":{"line":37,"column":4},"end":{"line":43,"column":null}},{"start":{"line":40,"column":4},"end":{"line":43,"column":null}}],"line":37},"3":{"loc":{"start":{"line":40,"column":4},"end":{"line":43,"column":null}},"type":"if","locations":[{"start":{"line":40,"column":4},"end":{"line":43,"column":null}},{"start":{},"end":{}}],"line":40},"4":{"loc":{"start":{"line":46,"column":4},"end":{"line":54,"column":null}},"type":"if","locations":[{"start":{"line":46,"column":4},"end":{"line":54,"column":null}},{"start":{"line":50,"column":4},"end":{"line":54,"column":null}}],"line":46},"5":{"loc":{"start":{"line":50,"column":4},"end":{"line":54,"column":null}},"type":"if","locations":[{"start":{"line":50,"column":4},"end":{"line":54,"column":null}},{"start":{},"end":{}}],"line":50},"6":{"loc":{"start":{"line":75,"column":19},"end":{"line":75,"column":null}},"type":"cond-expr","locations":[{"start":{"line":75,"column":33},"end":{"line":75,"column":53}},{"start":{"line":75,"column":53},"end":{"line":75,"column":null}}],"line":75},"7":{"loc":{"start":{"line":78,"column":49},"end":{"line":78,"column":null}},"type":"binary-expr","locations":[{"start":{"line":78,"column":49},"end":{"line":78,"column":68}},{"start":{"line":78,"column":68},"end":{"line":78,"column":null}}],"line":78},"8":{"loc":{"start":{"line":84,"column":8},"end":{"line":90,"column":null}},"type":"if","locations":[{"start":{"line":84,"column":8},"end":{"line":90,"column":null}},{"start":{},"end":{}}],"line":84},"9":{"loc":{"start":{"line":100,"column":8},"end":{"line":106,"column":null}},"type":"if","locations":[{"start":{"line":100,"column":8},"end":{"line":106,"column":null}},{"start":{},"end":{}}],"line":100},"10":{"loc":{"start":{"line":110,"column":8},"end":{"line":116,"column":null}},"type":"if","locations":[{"start":{"line":110,"column":8},"end":{"line":116,"column":null}},{"start":{},"end":{}}],"line":110},"11":{"loc":{"start":{"line":120,"column":26},"end":{"line":120,"column":null}},"type":"binary-expr","locations":[{"start":{"line":120,"column":26},"end":{"line":120,"column":41}},{"start":{"line":120,"column":41},"end":{"line":120,"column":null}}],"line":120},"12":{"loc":{"start":{"line":121,"column":4},"end":{"line":128,"column":null}},"type":"if","locations":[{"start":{"line":121,"column":4},"end":{"line":128,"column":null}},{"start":{},"end":{}}],"line":121},"13":{"loc":{"start":{"line":121,"column":8},"end":{"line":121,"column":39}},"type":"binary-expr","locations":[{"start":{"line":121,"column":8},"end":{"line":121,"column":25}},{"start":{"line":121,"column":25},"end":{"line":121,"column":39}}],"line":121},"14":{"loc":{"start":{"line":132,"column":4},"end":{"line":137,"column":null}},"type":"if","locations":[{"start":{"line":132,"column":4},"end":{"line":137,"column":null}},{"start":{},"end":{}}],"line":132},"15":{"loc":{"start":{"line":133,"column":61},"end":{"line":133,"column":112}},"type":"binary-expr","locations":[{"start":{"line":133,"column":61},"end":{"line":133,"column":108}},{"start":{"line":133,"column":108},"end":{"line":133,"column":112}}],"line":133},"16":{"loc":{"start":{"line":134,"column":61},"end":{"line":134,"column":112}},"type":"binary-expr","locations":[{"start":{"line":134,"column":61},"end":{"line":134,"column":108}},{"start":{"line":134,"column":108},"end":{"line":134,"column":112}}],"line":134},"17":{"loc":{"start":{"line":135,"column":8},"end":{"line":136,"column":null}},"type":"if","locations":[{"start":{"line":135,"column":8},"end":{"line":136,"column":null}},{"start":{"line":135,"column":70},"end":{"line":136,"column":null}}],"line":135},"18":{"loc":{"start":{"line":135,"column":12},"end":{"line":135,"column":54}},"type":"binary-expr","locations":[{"start":{"line":135,"column":12},"end":{"line":135,"column":27}},{"start":{"line":135,"column":27},"end":{"line":135,"column":54}}],"line":135},"19":{"loc":{"start":{"line":135,"column":70},"end":{"line":136,"column":null}},"type":"if","locations":[{"start":{"line":135,"column":70},"end":{"line":136,"column":null}},{"start":{},"end":{}}],"line":135},"20":{"loc":{"start":{"line":136,"column":17},"end":{"line":136,"column":60}},"type":"binary-expr","locations":[{"start":{"line":136,"column":17},"end":{"line":136,"column":33}},{"start":{"line":136,"column":33},"end":{"line":136,"column":60}}],"line":136},"21":{"loc":{"start":{"line":156,"column":4},"end":{"line":184,"column":null}},"type":"if","locations":[{"start":{"line":156,"column":4},"end":{"line":184,"column":null}},{"start":{"line":173,"column":11},"end":{"line":184,"column":null}}],"line":156},"22":{"loc":{"start":{"line":158,"column":24},"end":{"line":158,"column":null}},"type":"cond-expr","locations":[{"start":{"line":158,"column":38},"end":{"line":158,"column":56}},{"start":{"line":158,"column":56},"end":{"line":158,"column":null}}],"line":158},"23":{"loc":{"start":{"line":159,"column":8},"end":{"line":161,"column":null}},"type":"if","locations":[{"start":{"line":159,"column":8},"end":{"line":161,"column":null}},{"start":{},"end":{}}],"line":159},"24":{"loc":{"start":{"line":159,"column":12},"end":{"line":159,"column":44}},"type":"binary-expr","locations":[{"start":{"line":159,"column":12},"end":{"line":159,"column":29}},{"start":{"line":159,"column":29},"end":{"line":159,"column":44}}],"line":159},"25":{"loc":{"start":{"line":202,"column":4},"end":{"line":205,"column":null}},"type":"if","locations":[{"start":{"line":202,"column":4},"end":{"line":205,"column":null}},{"start":{},"end":{}}],"line":202}},"s":{"0":0,"1":0,"2":0,"3":0,"4":0,"5":0,"6":0,"7":0,"8":0,"9":0,"10":0,"11":0,"12":0,"13":0,"14":0,"15":0,"16":0,"17":0,"18":0,"19":0,"20":0,"21":0,"22":0,"23":0,"24":8,"25":8,"26":8,"27":8,"28":8,"29":24,"30":24,"31":7,"32":8,"33":8,"34":8,"35":8,"36":8,"37":32,"38":32,"39":0,"40":8,"41":16,"42":16,"43":0,"44":8,"45":8,"46":1,"47":1,"48":8,"49":8,"50":4,"51":12,"52":4,"53":12,"54":4,"55":2,"56":2,"57":0,"58":8,"59":8,"60":8,"61":4,"62":4,"63":4,"64":2,"65":4,"66":4,"67":4,"68":12,"69":12,"70":3,"71":12},"f":{"0":0,"1":8,"2":24,"3":32,"4":16,"5":12,"6":12,"7":12},"b":{"0":[0,0],"1":[0,0],"2":[0,0],"3":[0,0],"4":[0,0],"5":[0,0],"6":[5,3],"7":[8,5],"8":[7,17],"9":[0,32],"10":[0,16],"11":[8,3],"12":[1,7],"13":[8,2],"14":[4,4],"15":[12,7],"16":[12,9],"17":[2,2],"18":[4,3],"19":[0,2],"20":[2,1],"21":[4,4],"22":[2,2],"23":[2,2],"24":[4,2],"25":[3,9]},"meta":{"lastBranch":26,"lastFunction":8,"lastStatement":72,"seen":{"f:19:16:19:Infinity":0,"s:23:31:23:Infinity":0,"s:24:16:24:Infinity":1,"s:25:34:25:Infinity":2,"b:28:4:34:Infinity:31:4:34:Infinity":0,"s:28:4:34:Infinity":3,"s:29:8:29:Infinity":4,"s:30:8:30:Infinity":5,"b:31:4:34:Infinity:undefined:undefined:undefined:undefined":1,"s:31:4:34:Infinity":6,"s:32:8:32:Infinity":7,"s:33:8:33:Infinity":8,"b:37:4:43:Infinity:40:4:43:Infinity":2,"s:37:4:43:Infinity":9,"s:38:8:38:Infinity":10,"s:39:8:39:Infinity":11,"b:40:4:43:Infinity:undefined:undefined:undefined:undefined":3,"s:40:4:43:Infinity":12,"s:41:8:41:Infinity":13,"s:42:8:42:Infinity":14,"b:46:4:54:Infinity:50:4:54:Infinity":4,"s:46:4:54:Infinity":15,"s:47:8:47:Infinity":16,"s:48:8:48:Infinity":17,"s:49:8:49:Infinity":18,"b:50:4:54:Infinity:undefined:undefined:undefined:undefined":5,"s:50:4:54:Infinity":19,"s:51:8:51:Infinity":20,"s:52:8:52:Infinity":21,"s:53:8:53:Infinity":22,"s:56:4:56:Infinity":23,"f:61:16:61:31":1,"s:74:18:74:Infinity":24,"s:75:19:75:Infinity":25,"b:75:33:75:53:75:53:75:Infinity":6,"s:78:24:78:Infinity":26,"b:78:49:78:68:78:68:78:Infinity":7,"s:81:25:81:Infinity":27,"s:82:4:91:Infinity":28,"f:82:18:82:19":2,"s:83:22:83:Infinity":29,"b:84:8:90:Infinity:undefined:undefined:undefined:undefined":8,"s:84:8:90:Infinity":30,"s:85:12:89:Infinity":31,"s:94:28:94:Infinity":32,"s:95:21:95:Infinity":33,"s:96:44:96:Infinity":34,"s:97:29:97:Infinity":35,"s:98:4:107:Infinity":36,"f:98:28:98:29":3,"s:99:22:99:Infinity":37,"b:100:8:106:Infinity:undefined:undefined:undefined:undefined":9,"s:100:8:106:Infinity":38,"s:101:12:105:Infinity":39,"s:108:4:117:Infinity":40,"f:108:20:108:21":4,"s:109:22:109:Infinity":41,"b:110:8:116:Infinity:undefined:undefined:undefined:undefined":10,"s:110:8:116:Infinity":42,"s:111:12:115:Infinity":43,"s:120:26:120:Infinity":44,"b:120:26:120:41:120:41:120:Infinity":11,"b:121:4:128:Infinity:undefined:undefined:undefined:undefined":12,"s:121:4:128:Infinity":45,"b:121:8:121:25:121:25:121:39":13,"s:122:14:122:Infinity":46,"s:123:8:127:Infinity":47,"s:131:24:131:Infinity":48,"b:132:4:137:Infinity:undefined:undefined:undefined:undefined":14,"s:132:4:137:Infinity":49,"s:133:28:133:Infinity":50,"f:133:41:133:42":5,"s:133:53:133:112":51,"b:133:61:133:108:133:108:133:112":15,"s:134:28:134:Infinity":52,"f:134:41:134:42":6,"s:134:53:134:112":53,"b:134:61:134:108:134:108:134:112":16,"b:135:8:136:Infinity:135:70:136:Infinity":17,"s:135:8:136:Infinity":54,"b:135:12:135:27:135:27:135:54":18,"s:135:54:135:Infinity":55,"b:135:70:136:Infinity:undefined:undefined:undefined:undefined":19,"s:135:70:136:Infinity":56,"b:136:17:136:33:136:33:136:60":20,"s:136:60:136:Infinity":57,"s:139:10:143:Infinity":58,"s:146:23:153:Infinity":59,"b:156:4:184:Infinity:173:11:184:Infinity":21,"s:156:4:184:Infinity":60,"s:157:21:157:Infinity":61,"s:158:24:158:Infinity":62,"b:158:38:158:56:158:56:158:Infinity":22,"b:159:8:161:Infinity:undefined:undefined:undefined:undefined":23,"s:159:8:161:Infinity":63,"b:159:12:159:29:159:29:159:44":24,"s:160:12:160:Infinity":64,"s:163:8:172:Infinity":65,"s:174:20:174:Infinity":66,"s:175:8:183:Infinity":67,"f:187:16:187:32":7,"s:196:10:200:Infinity":68,"b:202:4:205:Infinity:undefined:undefined:undefined:undefined":25,"s:202:4:205:Infinity":69,"s:203:8:203:Infinity":70,"s:207:4:207:Infinity":71}}}
,"F:\\webdev\\DictThreeJs\\src\\Utils\\Math.ts": {"path":"F:\\webdev\\DictThreeJs\\src\\Utils\\Math.ts","statementMap":{"0":{"start":{"line":1,"column":21},"end":{"line":3,"column":null}},"1":{"start":{"line":2,"column":4},"end":{"line":2,"column":null}},"2":{"start":{"line":6,"column":4},"end":{"line":6,"column":null}},"3":{"start":{"line":10,"column":4},"end":{"line":13,"column":null}},"4":{"start":{"line":11,"column":8},"end":{"line":11,"column":null}},"5":{"start":{"line":12,"column":8},"end":{"line":12,"column":null}},"6":{"start":{"line":15,"column":22},"end":{"line":15,"column":null}},"7":{"start":{"line":15,"column":42},"end":{"line":15,"column":57}},"8":{"start":{"line":17,"column":4},"end":{"line":20,"column":null}},"9":{"start":{"line":18,"column":8},"end":{"line":18,"column":null}},"10":{"start":{"line":19,"column":8},"end":{"line":19,"column":null}},"11":{"start":{"line":22,"column":24},"end":{"line":22,"column":null}},"12":{"start":{"line":23,"column":4},"end":{"line":23,"column":null}},"13":{"start":{"line":27,"column":4},"end":{"line":29,"column":null}},"14":{"start":{"line":28,"column":8},"end":{"line":28,"column":null}},"15":{"start":{"line":30,"column":24},"end":{"line":30,"column":null}},"16":{"start":{"line":31,"column":4},"end":{"line":31,"column":null}}},"fnMap":{"0":{"name":"(anonymous_0)","decl":{"start":{"line":1,"column":21},"end":{"line":1,"column":22}},"loc":{"start":{"line":1,"column":66},"end":{"line":3,"column":null}},"line":1},"1":{"name":"getRandomNumberInRange","decl":{"start":{"line":5,"column":16},"end":{"line":5,"column":39}},"loc":{"start":{"line":5,"column":73},"end":{"line":7,"column":null}},"line":5},"2":{"name":"getRandomUniqueItem","decl":{"start":{"line":9,"column":16},"end":{"line":9,"column":39}},"loc":{"start":{"line":9,"column":74},"end":{"line":24,"column":null}},"line":9},"3":{"name":"(anonymous_3)","decl":{"start":{"line":15,"column":34},"end":{"line":15,"column":42}},"loc":{"start":{"line":15,"column":42},"end":{"line":15,"column":57}},"line":15},"4":{"name":"getRandomFromList","decl":{"start":{"line":26,"column":16},"end":{"line":26,"column":37}},"loc":{"start":{"line":26,"column":51},"end":{"line":32,"column":null}},"line":26}},"branchMap":{"0":{"loc":{"start":{"line":10,"column":4},"end":{"line":13,"column":null}},"type":"if","locations":[{"start":{"line":10,"column":4},"end":{"line":13,"column":null}},{"start":{},"end":{}}],"line":10},"1":{"loc":{"start":{"line":17,"column":4},"end":{"line":20,"column":null}},"type":"if","locations":[{"start":{"line":17,"column":4},"end":{"line":20,"column":null}},{"start":{},"end":{}}],"line":17},"2":{"loc":{"start":{"line":27,"column":4},"end":{"line":29,"column":null}},"type":"if","locations":[{"start":{"line":27,"column":4},"end":{"line":29,"column":null}},{"start":{},"end":{}}],"line":27}},"s":{"0":2,"1":34,"2":203,"3":27,"4":1,"5":1,"6":26,"7":100,"8":26,"9":1,"10":1,"11":25,"12":25,"13":107,"14":1,"15":106,"16":106},"f":{"0":34,"1":203,"2":27,"3":100,"4":107},"b":{"0":[1,26],"1":[1,25],"2":[1,106]},"meta":{"lastBranch":3,"lastFunction":5,"lastStatement":17,"seen":{"s:1:21:3:Infinity":0,"f:1:21:1:22":0,"s:2:4:2:Infinity":1,"f:5:16:5:39":1,"s:6:4:6:Infinity":2,"f:9:16:9:39":2,"b:10:4:13:Infinity:undefined:undefined:undefined:undefined":0,"s:10:4:13:Infinity":3,"s:11:8:11:Infinity":4,"s:12:8:12:Infinity":5,"s:15:22:15:Infinity":6,"f:15:34:15:42":3,"s:15:42:15:57":7,"b:17:4:20:Infinity:undefined:undefined:undefined:undefined":1,"s:17:4:20:Infinity":8,"s:18:8:18:Infinity":9,"s:19:8:19:Infinity":10,"s:22:24:22:Infinity":11,"s:23:4:23:Infinity":12,"f:26:16:26:37":4,"b:27:4:29:Infinity:undefined:undefined:undefined:undefined":2,"s:27:4:29:Infinity":13,"s:28:8:28:Infinity":14,"s:30:24:30:Infinity":15,"s:31:4:31:Infinity":16}}}
,"F:\\webdev\\DictThreeJs\\src\\Utils\\UI.ts": {"path":"F:\\webdev\\DictThreeJs\\src\\Utils\\UI.ts","statementMap":{"0":{"start":{"line":3,"column":31},"end":{"line":10,"column":null}},"1":{"start":{"line":4,"column":20},"end":{"line":4,"column":null}},"2":{"start":{"line":5,"column":20},"end":{"line":5,"column":null}},"3":{"start":{"line":6,"column":20},"end":{"line":6,"column":null}},"4":{"start":{"line":7,"column":20},"end":{"line":7,"column":null}},"5":{"start":{"line":9,"column":4},"end":{"line":9,"column":null}}},"fnMap":{"0":{"name":"(anonymous_0)","decl":{"start":{"line":3,"column":31},"end":{"line":3,"column":32}},"loc":{"start":{"line":3,"column":53},"end":{"line":10,"column":null}},"line":3}},"branchMap":{},"s":{"0":1,"1":48,"2":48,"3":48,"4":48,"5":48},"f":{"0":48},"b":{},"meta":{"lastBranch":0,"lastFunction":1,"lastStatement":6,"seen":{"s:3:31:10:Infinity":0,"f:3:31:3:32":0,"s:4:20:4:Infinity":1,"s:5:20:5:Infinity":2,"s:6:20:6:Infinity":3,"s:7:20:7:Infinity":4,"s:9:4:9:Infinity":5}}}
,"F:\\webdev\\DictThreeJs\\src\\types\\Tabs.ts": {"path":"F:\\webdev\\DictThreeJs\\src\\types\\Tabs.ts","statementMap":{"0":{"start":{"line":1,"column":20},"end":{"line":11,"column":null}}},"fnMap":{},"branchMap":{},"s":{"0":3},"f":{},"b":{},"meta":{"lastBranch":0,"lastFunction":0,"lastStatement":1,"seen":{"s:1:20:11:Infinity":0}}}
}
